
<!DOCTYPE html>
<html>


<head>
	<meta charset='UTF-8' /> 
	<meta name='description' content='' />
	<meta name='robots' content='noodp, noydir' />
	<meta name='viewport' content='width=device-width, initial-scale=1' />
	<meta id="timeStampFormat" name="timeStampFormat" content='MMM d, yyyy hh:mm:ss a'/>
	
	<link href='https://fonts.googleapis.com/css?family=Source+Sans+Pro:400,600' rel='stylesheet' type='text/css'>
	<link href="https://fonts.googleapis.com/icon?family=Material+Icons" rel="stylesheet">

		<link href='https://cdn.rawgit.com/anshooarora/extentreports-java/b4a58fcfd1e137bd9287244035a7c80d3d73b3af/dist/css/extent.css' type='text/css' rel='stylesheet' />
	
	<title>AssetVantage Test Framework Auto-generated Report</title>

	<style type='text/css'>
			
      
        
      
		
	</style>
</head>

	<body class='extent standard default hide-overflow bdd-report'>
		<div id='theme-selector' alt='Click to toggle theme. To enable by default, use theme configuration.' title='Click to toggle theme. To enable by default, use theme configuration.'>
			<span><i class='material-icons'>desktop_windows</i></span>
		</div>

<nav>
	<div class="nav-wrapper">
		<a href="#!" class="brand-logo blue darken-3">Extent</a>

		<!-- slideout menu -->
		<ul id='slide-out' class='side-nav fixed hide-on-med-and-down'>
			<li class='waves-effect active'><a href='#!' view='test-view' onclick="configureView(0);chartsView('test');"><i class='material-icons'>dashboard</i></a></li>
						<li class='waves-effect'><a href='#!' view='exception-view' onclick="configureView(2)"><i class='material-icons'>bug_report</i></a></li>
			<li class='waves-effect'><a href='#!' onclick="configureView(-1);chartsView('dashboard');" view='dashboard-view'><i class='material-icons'>track_changes</i></i></a></li>
		</ul>

		<!-- report name -->
		<span class='report-name'>AssetVantage - Cucumber Report</span>
		
		<!-- report headline -->
		<span class='report-headline'></span>

		<!-- nav-right -->
		<ul id='nav-mobile' class='right hide-on-med-and-down nav-right'>
			<li>
                <a href='#!'>
                    <span class='label suite-start-time blue darken-3'>Dec 18, 2018 12:25:27 AM</span>
				</a>
			</li>
			<li>
                <a href='#!'>
                    <span class='label blue darken-3'>3.1.2</span>
				</a>
			</li>
		</ul>
	</div>
</nav>

		<!-- container -->
		<div class='container'>

<div id='test-view' class='view'>
				
	<section id='controls'>
		<div class='controls grey lighten-4'>
			<!-- test toggle -->
			<div class='chip transparent'>
				<a class='dropdown-button tests-toggle' data-activates='tests-toggle' data-constrainwidth='true' data-beloworigin='true' data-hover='true' href='#'>
					<i class='material-icons'>warning</i> Status
				</a>
				<ul id='tests-toggle' class='dropdown-content'>
											<li status='pass'><a href='#!'>Pass <i class='material-icons green-text'>check_circle</i></a></li>
						<li status='fail'><a href='#!'>Fail <i class='material-icons red-text'>cancel</i></a></li>
						<li status='skip'><a href='#!'>Skip <i class='material-icons cyan-text'>redo</i></a></li>
					<li class='divider'></li>
					<li status='clear' clear='true'><a href='#!'>Clear Filters <i class='material-icons'>clear</i></a></li>
				</ul>
			</div>
			<!-- test toggle -->

			<!-- category toggle -->
			<!-- category toggle -->

			<!-- clear filters -->
			<div class='chip transparent hide'>
				<a class='' id='clear-filters' alt='Clear Filters' title='Clear Filters'>
					<i class='material-icons'>close</i> Clear
				</a>
			</div>
			<!-- clear filters -->

			<!-- enable dashboard -->
			<div id='toggle-test-view-charts' class='chip transparent'>
				<a class='pink-text' id='enable-dashboard' alt='Enable Dashboard' title='Enable Dashboard'>
					<i class='material-icons'>track_changes</i> Dashboard
				</a>
			</div>
			<!-- enable dashboard -->

			<!-- search -->
			<div class='chip transparent' alt='Search Tests' title='Search Tests'>
				<a href="#" class='search-div'>
					<i class='material-icons'>search</i> Search
				</a>

				<div class='input-field left hide'>
					<input id='search-tests' type='text' class='validate browser-default' placeholder='Search Tests...'>
				</div>
				
			</div>
			<!-- search -->
		</div>
	</section>


<div id='test-view-charts' class='subview-full'>
	<div id='charts-row' class='row nm-v nm-h'>
		<div class='col s12 m4 l4 np-h'>
			<div class='card-panel nm-v'>
				<div class='left panel-name'>Features</div>
				<div class='chart-box'>
					<canvas id='parent-analysis' width='100' height='80'></canvas>
				</div>
				<div class='block text-small'>
					<span class='tooltipped' data-position='top' data-tooltip='8.333%'><span class='strong'>1</span> feature(s) passed</span>
				</div>
				<div class='block text-small'>
					<span class='strong tooltipped' data-position='top' data-tooltip='66.667%'>8</span> feature(s) failed, <span class='strong tooltipped' data-position='top' data-tooltip='25%'>3</span> others
				</div>
			</div>
		</div>
		
		<div class='col s12 m4 l4 np-h'>
			<div class='card-panel nm-v'>
				<div class='left panel-name'>Scenarios</div>
				<div class='chart-box'>
					<canvas id='child-analysis' width='100' height='80'></canvas>
				</div>
				<div class='block text-small'>
					<span class='tooltipped' data-position='top' data-tooltip='8.333%'><span class='strong'>1</span> scenario(s) passed</span>
				</div>
				<div class='block text-small'>
					<span class='strong tooltipped' data-position='top' data-tooltip='66.667%'>8</span> scenario(s) failed, <span class='strong tooltipped' data-position='top' data-tooltip='25%'>3</span> others
				</div>
			</div>
		</div>
		
		<div class='col s12 m4 l4 np-h'>
			<div class='card-panel nm-v'>
				<div class='left panel-name'>Steps</div>
				<div class='chart-box'>
					<canvas id='grandchild-analysis' width='100' height='80'></canvas>
				</div>
				<div class='block text-small'>
					<span class='tooltipped' data-position='top' data-tooltip='20.37%'><span class='strong'>11</span> step(s) passed</span>
				</div>
				<div class='block text-small'>
					<span class='strong tooltipped' data-position='top' data-tooltip='14.815%'>8</span> step(s) failed, <span class='strong tooltipped' data-position='top' data-tooltip='64.815%'>35</span> others
				</div>
			</div>
		</div>
	</div>
</div>

	<div class='subview-left left'>
		
		<div class='view-summary'>
			<h5>Features</h5>
			<ul id='test-collection' class='test-collection'>
				
				
				<li class='test displayed active has-leaf pass' status='pass' bdd='true' test-id='1'>
					<div class='test-heading'>
						<span class='test-name'>Login to Asset Vantage portal</span>
						<span class='test-time'>Dec 18, 2018 12:25:27 AM</span>
						<span class='test-status right pass'>pass</span>
					</div>
					<div class='test-content hide'>
<div class='scenariooutline node' test-id='2' status='pass'>
	<span class='duration right label'>0h 0m 10s+86ms</span>
	<div class='desc'>
		<b>ScenarioOutline</b>
		<span class="desc-text">Verify that user is able to login to portal</span>
	</div>
	<ul class='steps'>
		<li test-id='3' class='node scenario pass' status='pass'>
			
			<b>Scenario</b>
			
			<span class="bdd-step-name">Verify that user is able to login to portal</span>
				<div class='pre'>User Name ------------> partha.das</div>
				<div class='pre'>Time Zone ------------> Asia/Calcutta</div>
				<div class='pre'>Machine -------------->Processors Identifier : Intel64 Family 6 Model 142 Stepping 9, GenuineIntel
Processors Arc1 --------------> : AMD64
Processors Arc2 --------------> : null
Number of Processors --------------> : 4</div>
				<div class='pre'>Selenium -------------> 3.7.0</div>
				<div class='pre'>IP Address ----------------> DESKTOP-CIM2M57/172.18.4.49</div>
				<div class='pre'>Java Version ---------> 1.8.0_171</div>
			
				<ul class='steps'>
					<li test-id='4' class='node given pass' status='pass'><b>Given</b>
						<span class="bdd-step-name">Given user is on login page</span>
							<div class='pre'>passed</div>
					</li>
					<li test-id='5' class='node when pass' status='pass'><b>When</b>
						<span class="bdd-step-name">When user throws "ravi.prakash" and "user@123" and click on Login button</span>
							<div class='pre'>passed</div>
					</li>
					<li test-id='6' class='node then pass' status='pass'><b>Then</b>
						<span class="bdd-step-name">Then Asset Vantage home page is displayed</span>
							<div class='pre'>passed</div>
					</li>
				</ul>
		</li>
	</ul>
</div>
					</div>
				</li>
				
				
				<li class='test displayed active has-leaf fail' status='fail' bdd='true' test-id='7'>
					<div class='test-heading'>
						<span class='test-name'>Create an account in Assetvantage portal</span>
						<span class='test-time'>Dec 18, 2018 12:26:13 AM</span>
						<span class='test-status right fail'>fail</span>
					</div>
					<div class='test-content hide'>
<div class='scenariooutline node' test-id='8' status='fail'>
	<span class='duration right label'>0h 0m 10s+295ms</span>
	<div class='desc'>
		<b>ScenarioOutline</b>
		<span class="desc-text">Verify that user is able to create an account</span>
	</div>
	<ul class='steps'>
		<li test-id='9' class='node scenario fail' status='fail'>
			
			<b>Scenario</b>
			
			<span class="bdd-step-name">Verify that user is able to create an account</span>
				<div class='pre'>User Name ------------> partha.das</div>
				<div class='pre'>Time Zone ------------> Asia/Calcutta</div>
				<div class='pre'>Machine -------------->Processors Identifier : Intel64 Family 6 Model 142 Stepping 9, GenuineIntel
Processors Arc1 --------------> : AMD64
Processors Arc2 --------------> : null
Number of Processors --------------> : 4</div>
				<div class='pre'>Selenium -------------> 3.7.0</div>
				<div class='pre'>IP Address ----------------> DESKTOP-CIM2M57/172.18.4.49</div>
				<div class='pre'>Java Version ---------> 1.8.0_171</div>
			
				<ul class='steps'>
					<li test-id='10' class='node given pass' status='pass'><b>Given</b>
						<span class="bdd-step-name">Given user is able to login with "ravi.prakash" and "user@123"</span>
							<div class='pre'>passed</div>
					</li>
					<li test-id='11' class='node when pass' status='pass'><b>When</b>
						<span class="bdd-step-name">When user navigates to menu- master - accounts</span>
							<div class='pre'>passed</div>
					</li>
					<li test-id='12' class='node then fail' status='fail'><b>Then</b>
						<span class="bdd-step-name">Then verify that user is able to create account</span>
						<ul class='screenshots right'>
							<li><a data-featherlight="image" href="C:\Users\partha.das\git\BDDFrameworkForQA\demoBDDFramework\target\cucumber-reports\screenshots\Verify_that_user_is_able_to_create_an_account.png"><i class='material-icons'>panorama</i></a></li>
							<li><a data-featherlight="image" href="C:\Users\partha.das\git\BDDFrameworkForQA\demoBDDFramework\target\cucumber-reports\screenshots\Verify_that_user_is_able_to_create_an_account.png"><i class='material-icons'>panorama</i></a></li>
							<li><a data-featherlight="image" href="C:\Users\partha.das\git\BDDFrameworkForQA\demoBDDFramework\target\cucumber-reports\screenshots\Verify_that_user_is_able_to_create_an_account.png"><i class='material-icons'>panorama</i></a></li>
							<li><a data-featherlight="image" href="C:\Users\partha.das\git\BDDFrameworkForQA\demoBDDFramework\target\cucumber-reports\screenshots\Verify_that_user_is_able_to_create_an_account.png"><i class='material-icons'>panorama</i></a></li>
						</ul>
							<div class='pre'><textarea>org.openqa.selenium.WebDriverException: unknown error: Element <button id="go" class="btn btn-small" tabindex="-1" onclick="getRecords('masters/index/search/data?master=account', 1);">...</button> is not clickable at point (632, 92). Other element would receive the click: <div class="modalloader"></div>
  (Session info: chrome=71.0.3578.98)
  (Driver info: chromedriver=2.44.609538 (b655c5a60b0b544917107a59d4153d4bf78e1b90),platform=Windows NT 10.0.17134 x86_64) (WARNING: The server did not provide any stacktrace information)
Command duration or timeout: 0 milliseconds
Build info: version: '3.14.0', revision: 'aacccce0', time: '2018-08-02T20:19:58.91Z'
System info: host: 'DESKTOP-CIM2M57', ip: '172.18.4.49', os.name: 'Windows 10', os.arch: 'amd64', os.version: '10.0', java.version: '1.8.0_171'
Driver info: org.openqa.selenium.chrome.ChromeDriver
Capabilities {acceptInsecureCerts: false, acceptSslCerts: false, applicationCacheEnabled: false, browserConnectionEnabled: false, browserName: chrome, chrome: {chromedriverVersion: 2.44.609538 (b655c5a60b0b54..., userDataDir: C:\Users\partha.das\AppData...}, cssSelectorsEnabled: true, databaseEnabled: false, goog:chromeOptions: {debuggerAddress: localhost:53673}, handlesAlerts: true, hasTouchScreen: false, javascriptEnabled: true, locationContextEnabled: true, mobileEmulationEnabled: false, nativeEvents: true, networkConnectionEnabled: false, pageLoadStrategy: normal, platform: XP, platformName: XP, rotatable: false, setWindowRect: true, takesHeapSnapshot: true, takesScreenshot: true, unexpectedAlertBehaviour: ignore, unhandledPromptBehavior: ignore, version: 71.0.3578.98, webStorageEnabled: true}
Session ID: 9eac61de9cd3cb098614b50496a46357
	at sun.reflect.NativeConstructorAccessorImpl.newInstance0(Native Method)
	at sun.reflect.NativeConstructorAccessorImpl.newInstance(Unknown Source)
	at sun.reflect.DelegatingConstructorAccessorImpl.newInstance(Unknown Source)
	at java.lang.reflect.Constructor.newInstance(Unknown Source)
	at org.openqa.selenium.remote.ErrorHandler.createThrowable(ErrorHandler.java:214)
	at org.openqa.selenium.remote.ErrorHandler.throwIfResponseFailed(ErrorHandler.java:166)
	at org.openqa.selenium.remote.http.JsonHttpResponseCodec.reconstructValue(JsonHttpResponseCodec.java:40)
	at org.openqa.selenium.remote.http.AbstractHttpResponseCodec.decode(AbstractHttpResponseCodec.java:80)
	at org.openqa.selenium.remote.http.AbstractHttpResponseCodec.decode(AbstractHttpResponseCodec.java:44)
	at org.openqa.selenium.remote.HttpCommandExecutor.execute(HttpCommandExecutor.java:158)
	at org.openqa.selenium.remote.service.DriverCommandExecutor.execute(DriverCommandExecutor.java:83)
	at org.openqa.selenium.remote.RemoteWebDriver.execute(RemoteWebDriver.java:548)
	at org.openqa.selenium.remote.RemoteWebElement.execute(RemoteWebElement.java:276)
	at org.openqa.selenium.remote.RemoteWebElement.click(RemoteWebElement.java:83)
	at sun.reflect.NativeMethodAccessorImpl.invoke0(Native Method)
	at sun.reflect.NativeMethodAccessorImpl.invoke(Unknown Source)
	at sun.reflect.DelegatingMethodAccessorImpl.invoke(Unknown Source)
	at java.lang.reflect.Method.invoke(Unknown Source)
	at org.openqa.selenium.support.pagefactory.internal.LocatingElementHandler.invoke(LocatingElementHandler.java:51)
	at com.sun.proxy.$Proxy20.click(Unknown Source)
	at com.assetvantage.pageObjectClass.accountsPage.viewCreatedAccount(accountsPage.java:275)
	at com.assetvantage.StepDefination.createAnAccount_Assetvantage.verify_that_user_is_able_to_create_account(createAnAccount_Assetvantage.java:54)
	at ?.Then verify that user is able to create account(C:/Users/partha.das/git/BDDFrameworkForQA/demoBDDFramework/src/main/java/com/assetvantage/featureFile/createAccount.feature:7)
</textarea></div>
					</li>
				</ul>
		</li>
	</ul>
</div>
					</div>
				</li>
				
				
				<li class='test displayed active has-leaf skip' status='skip' bdd='true' test-id='13'>
					<div class='test-heading'>
						<span class='test-name'>Verify the details with JSON which are displayed on wealth register page.</span>
						<span class='test-time'>Dec 18, 2018 12:26:59 AM</span>
						<span class='test-status right skip'>skip</span>
					</div>
					<div class='test-content hide'>
<div class='scenariooutline node' test-id='14' status='skip'>
	<span class='duration right label'>0h 0m 0s+17ms</span>
	<div class='desc'>
		<b>ScenarioOutline</b>
		<span class="desc-text">Verify that user successfully verify the wealth register report with given JSON data</span>
	</div>
	<ul class='steps'>
		<li test-id='15' class='node scenario skip' status='skip'>
			
			<b>Scenario</b>
			
			<span class="bdd-step-name">Verify that user successfully verify the wealth register report with given JSON data</span>
				<div class='pre'>User Name ------------> partha.das</div>
				<div class='pre'>Time Zone ------------> Asia/Calcutta</div>
				<div class='pre'>Machine -------------->Processors Identifier : Intel64 Family 6 Model 142 Stepping 9, GenuineIntel
Processors Arc1 --------------> : AMD64
Processors Arc2 --------------> : null
Number of Processors --------------> : 4</div>
				<div class='pre'>Selenium -------------> 3.7.0</div>
				<div class='pre'>IP Address ----------------> DESKTOP-CIM2M57/172.18.4.49</div>
				<div class='pre'>Java Version ---------> 1.8.0_171</div>
			
				<ul class='steps'>
					<li test-id='16' class='node given skip' status='skip'><b>Given</b>
						<span class="bdd-step-name">Given user logs into portal with "ravi.prakash" and "user@123"</span>
							<div class='pre'>skipped</div>
					</li>
					<li test-id='17' class='node when skip' status='skip'><b>When</b>
						<span class="bdd-step-name">When user clicks on menu - analytics and clicks on wealth register</span>
							<div class='pre'>skipped</div>
					</li>
					<li test-id='18' class='node then skip' status='skip'><b>Then</b>
						<span class="bdd-step-name">Then wealth register page is displayed</span>
							<div class='pre'>skipped</div>
					</li>
					<li test-id='19' class='node then skip' status='skip'><b>Then</b>
						<span class="bdd-step-name">Then user search the details by entering correct entity and date and clicked on process</span>
							<div class='pre'>skipped</div>
					</li>
					<li test-id='20' class='node then skip' status='skip'><b>Then</b>
						<span class="bdd-step-name">Then All Denominated Assets are displayed on page</span>
							<div class='pre'>skipped</div>
					</li>
					<li test-id='21' class='node then skip' status='skip'><b>Then</b>
						<span class="bdd-step-name">Then user verify the details with given JSON</span>
							<div class='pre'>skipped</div>
					</li>
				</ul>
		</li>
	</ul>
</div>
					</div>
				</li>
				
				
				<li class='test displayed active has-leaf fail' status='fail' bdd='true' test-id='22'>
					<div class='test-heading'>
						<span class='test-name'>Verify the details with JSON which are displayed on wealth register page.</span>
						<span class='test-time'>Dec 18, 2018 12:27:34 AM</span>
						<span class='test-status right fail'>fail</span>
					</div>
					<div class='test-content hide'>
<div class='scenariooutline node' test-id='23' status='fail'>
	<span class='duration right label'>0h 0m 20s+388ms</span>
	<div class='desc'>
		<b>ScenarioOutline</b>
		<span class="desc-text">Verify that user successfully verify the balanceSheet report with given JSON data</span>
	</div>
	<ul class='steps'>
		<li test-id='24' class='node scenario fail' status='fail'>
			
			<b>Scenario</b>
			
			<span class="bdd-step-name">Verify that user successfully verify the balanceSheet report with given JSON data</span>
				<div class='pre'>User Name ------------> partha.das</div>
				<div class='pre'>Time Zone ------------> Asia/Calcutta</div>
				<div class='pre'>Machine -------------->Processors Identifier : Intel64 Family 6 Model 142 Stepping 9, GenuineIntel
Processors Arc1 --------------> : AMD64
Processors Arc2 --------------> : null
Number of Processors --------------> : 4</div>
				<div class='pre'>Selenium -------------> 3.7.0</div>
				<div class='pre'>IP Address ----------------> DESKTOP-CIM2M57/172.18.4.49</div>
				<div class='pre'>Java Version ---------> 1.8.0_171</div>
			
				<ul class='steps'>
					<li test-id='25' class='node given pass' status='pass'><b>Given</b>
						<span class="bdd-step-name">Given user is logged into portal with "ravi.prakash" and "user@123"</span>
							<div class='pre'>passed</div>
					</li>
					<li test-id='26' class='node when pass' status='pass'><b>When</b>
						<span class="bdd-step-name">When user Clicks on menu - General Ledger and clicks on Balance Sheet</span>
							<div class='pre'>passed</div>
					</li>
					<li test-id='27' class='node then pass' status='pass'><b>Then</b>
						<span class="bdd-step-name">Then Balance Sheet page is displayed</span>
							<div class='pre'>passed</div>
					</li>
					<li test-id='28' class='node then pass' status='pass'><b>Then</b>
						<span class="bdd-step-name">Then user Search the details by entering correct entity and date and clicked on process</span>
							<div class='pre'>passed</div>
					</li>
					<li test-id='29' class='node then fail' status='fail'><b>Then</b>
						<span class="bdd-step-name">Then All  Equities and Liabilities are displayed on page</span>
							<div class='pre'><textarea>org.openqa.selenium.WebDriverException: unknown error: Element <button class="tbl-expand pull-left" title="Expand All" id="btnExpandAll">...</button> is not clickable at point (42, 107). Other element would receive the click: <div class="modalloader"></div>
  (Session info: chrome=71.0.3578.98)
  (Driver info: chromedriver=2.44.609538 (b655c5a60b0b544917107a59d4153d4bf78e1b90),platform=Windows NT 10.0.17134 x86_64) (WARNING: The server did not provide any stacktrace information)
Command duration or timeout: 0 milliseconds
Build info: version: '3.14.0', revision: 'aacccce0', time: '2018-08-02T20:19:58.91Z'
System info: host: 'DESKTOP-CIM2M57', ip: '172.18.4.49', os.name: 'Windows 10', os.arch: 'amd64', os.version: '10.0', java.version: '1.8.0_171'
Driver info: org.openqa.selenium.chrome.ChromeDriver
Capabilities {acceptInsecureCerts: false, acceptSslCerts: false, applicationCacheEnabled: false, browserConnectionEnabled: false, browserName: chrome, chrome: {chromedriverVersion: 2.44.609538 (b655c5a60b0b54..., userDataDir: C:\Users\partha.das\AppData...}, cssSelectorsEnabled: true, databaseEnabled: false, goog:chromeOptions: {debuggerAddress: localhost:53749}, handlesAlerts: true, hasTouchScreen: false, javascriptEnabled: true, locationContextEnabled: true, mobileEmulationEnabled: false, nativeEvents: true, networkConnectionEnabled: false, pageLoadStrategy: normal, platform: XP, platformName: XP, rotatable: false, setWindowRect: true, takesHeapSnapshot: true, takesScreenshot: true, unexpectedAlertBehaviour: ignore, unhandledPromptBehavior: ignore, version: 71.0.3578.98, webStorageEnabled: true}
Session ID: 292a2846e4940f40113c50809cdede27
	at sun.reflect.NativeConstructorAccessorImpl.newInstance0(Native Method)
	at sun.reflect.NativeConstructorAccessorImpl.newInstance(Unknown Source)
	at sun.reflect.DelegatingConstructorAccessorImpl.newInstance(Unknown Source)
	at java.lang.reflect.Constructor.newInstance(Unknown Source)
	at org.openqa.selenium.remote.ErrorHandler.createThrowable(ErrorHandler.java:214)
	at org.openqa.selenium.remote.ErrorHandler.throwIfResponseFailed(ErrorHandler.java:166)
	at org.openqa.selenium.remote.http.JsonHttpResponseCodec.reconstructValue(JsonHttpResponseCodec.java:40)
	at org.openqa.selenium.remote.http.AbstractHttpResponseCodec.decode(AbstractHttpResponseCodec.java:80)
	at org.openqa.selenium.remote.http.AbstractHttpResponseCodec.decode(AbstractHttpResponseCodec.java:44)
	at org.openqa.selenium.remote.HttpCommandExecutor.execute(HttpCommandExecutor.java:158)
	at org.openqa.selenium.remote.service.DriverCommandExecutor.execute(DriverCommandExecutor.java:83)
	at org.openqa.selenium.remote.RemoteWebDriver.execute(RemoteWebDriver.java:548)
	at org.openqa.selenium.remote.RemoteWebElement.execute(RemoteWebElement.java:276)
	at org.openqa.selenium.remote.RemoteWebElement.click(RemoteWebElement.java:83)
	at sun.reflect.GeneratedMethodAccessor9.invoke(Unknown Source)
	at sun.reflect.DelegatingMethodAccessorImpl.invoke(Unknown Source)
	at java.lang.reflect.Method.invoke(Unknown Source)
	at org.openqa.selenium.support.pagefactory.internal.LocatingElementHandler.invoke(LocatingElementHandler.java:51)
	at com.sun.proxy.$Proxy20.click(Unknown Source)
	at com.assetvantage.pageObjectClass.balanceSheetPage.expandTheReport(balanceSheetPage.java:154)
	at com.assetvantage.StepDefination.balanceSheetVerification_Assetvantage.detailedReportIsDisplayed(balanceSheetVerification_Assetvantage.java:68)
	at ?.Then All  Equities and Liabilities are displayed on page(C:/Users/partha.das/git/BDDFrameworkForQA/demoBDDFramework/src/main/java/com/assetvantage/featureFile/balanceSheetVerification.feature:9)
</textarea></div>
					</li>
					<li test-id='30' class='node then skip' status='skip'><b>Then</b>
						<span class="bdd-step-name">Then User verify the details with given JSON "C:\Users\partha.das\git\BDDFrameworkForQA\demoBDDFramework\src\main\java\com\assetvantage\dataFile\balanceSheet.json"</span>
						<ul class='screenshots right'>
							<li><a data-featherlight="image" href="C:\Users\partha.das\git\BDDFrameworkForQA\demoBDDFramework\target\cucumber-reports\screenshots\Verify_that_user_successfully_verify_the_balanceSheet_report_with_given_JSON_data.png"><i class='material-icons'>panorama</i></a></li>
							<li><a data-featherlight="image" href="C:\Users\partha.das\git\BDDFrameworkForQA\demoBDDFramework\target\cucumber-reports\screenshots\Verify_that_user_successfully_verify_the_balanceSheet_report_with_given_JSON_data.png"><i class='material-icons'>panorama</i></a></li>
							<li><a data-featherlight="image" href="C:\Users\partha.das\git\BDDFrameworkForQA\demoBDDFramework\target\cucumber-reports\screenshots\Verify_that_user_successfully_verify_the_balanceSheet_report_with_given_JSON_data.png"><i class='material-icons'>panorama</i></a></li>
							<li><a data-featherlight="image" href="C:\Users\partha.das\git\BDDFrameworkForQA\demoBDDFramework\target\cucumber-reports\screenshots\Verify_that_user_successfully_verify_the_balanceSheet_report_with_given_JSON_data.png"><i class='material-icons'>panorama</i></a></li>
						</ul>
							<div class='pre'>skipped</div>
					</li>
				</ul>
		</li>
	</ul>
</div>
					</div>
				</li>
				
				
				<li class='test displayed active has-leaf fail' status='fail' bdd='true' test-id='31'>
					<div class='test-heading'>
						<span class='test-name'>Login to Asset Vantage portal</span>
						<span class='test-time'>Dec 18, 2018 12:28:45 AM</span>
						<span class='test-status right fail'>fail</span>
					</div>
					<div class='test-content hide'>
<div class='scenariooutline node' test-id='32' status='fail'>
	<span class='duration right label'>0h 0m 0s+53ms</span>
	<div class='desc'>
		<b>ScenarioOutline</b>
		<span class="desc-text">Verify that user is able to login to portal</span>
	</div>
	<ul class='steps'>
		<li test-id='33' class='node scenario fail' status='fail'>
			
			<b>Scenario</b>
			
			<span class="bdd-step-name">Verify that user is able to login to portal</span>
				<div class='pre'>User Name ------------> partha.das</div>
				<div class='pre'>Time Zone ------------> Asia/Calcutta</div>
				<div class='pre'>Machine -------------->Processors Identifier : Intel64 Family 6 Model 142 Stepping 9, GenuineIntel
Processors Arc1 --------------> : AMD64
Processors Arc2 --------------> : null
Number of Processors --------------> : 4</div>
				<div class='pre'>Selenium -------------> 3.7.0</div>
				<div class='pre'>IP Address ----------------> DESKTOP-CIM2M57/172.18.4.49</div>
				<div class='pre'>Java Version ---------> 1.8.0_171</div>
			
				<ul class='steps'>
					<li test-id='34' class='node given pass' status='pass'><b>Given</b>
						<span class="bdd-step-name">Given user is on login page</span>
							<div class='pre'>passed</div>
					</li>
					<li test-id='35' class='node when fail' status='fail'><b>When</b>
						<span class="bdd-step-name">When user throws "ravi.prakash" and "user@123" and click on Login button</span>
							<div class='pre'><pre>org.openqa.selenium.NoSuchSessionException: Session ID is null. Using WebDriver after calling quit()?
Build info: version: '3.14.0', revision: 'aacccce0', time: '2018-08-02T20:19:58.91Z'
System info: host: 'DESKTOP-CIM2M57', ip: '172.18.4.49', os.name: 'Windows 10', os.arch: 'amd64', os.version: '10.0', java.version: '1.8.0_171'
Driver info: driver.version: RemoteWebDriver
	at org.openqa.selenium.remote.HttpCommandExecutor.execute(HttpCommandExecutor.java:125)
	at org.openqa.selenium.remote.service.DriverCommandExecutor.execute(DriverCommandExecutor.java:83)
	at org.openqa.selenium.remote.RemoteWebDriver.execute(RemoteWebDriver.java:548)
	at org.openqa.selenium.remote.RemoteWebDriver.findElement(RemoteWebDriver.java:322)
	at org.openqa.selenium.remote.RemoteWebDriver.findElementById(RemoteWebDriver.java:368)
	at org.openqa.selenium.By$ById.findElement(By.java:188)
	at org.openqa.selenium.remote.RemoteWebDriver.findElement(RemoteWebDriver.java:314)
	at org.openqa.selenium.support.pagefactory.DefaultElementLocator.findElement(DefaultElementLocator.java:69)
	at org.openqa.selenium.support.pagefactory.internal.LocatingElementHandler.invoke(LocatingElementHandler.java:38)
	at com.sun.proxy.$Proxy20.sendKeys(Unknown Source)
	at com.assetvantage.pageObjectClass.logInPage.loginToApp(logInPage.java:65)
	at com.assetvantage.StepDefination.loginTo_AssetVantage.loginWithCredentials(loginTo_AssetVantage.java:40)
	at ?.When user throws "ravi.prakash" and "user@123" and click on Login button(D:/EclipseWorkspace/demoBDDFramework/src/main/java/com/assetvantage/featureFile/logIn.feature:6)
</pre></div>
					</li>
					<li test-id='36' class='node then skip' status='skip'><b>Then</b>
						<span class="bdd-step-name">Then Asset Vantage home page is displayed</span>
							<div class='pre'>skipped</div>
					</li>
				</ul>
		</li>
	</ul>
</div>
					</div>
				</li>
				
				
				<li class='test displayed active has-leaf fail' status='fail' bdd='true' test-id='37'>
					<div class='test-heading'>
						<span class='test-name'>Create an account in Assetvantage portal</span>
						<span class='test-time'>Dec 18, 2018 12:29:32 AM</span>
						<span class='test-status right fail'>fail</span>
					</div>
					<div class='test-content hide'>
<div class='scenariooutline node' test-id='38' status='fail'>
	<span class='duration right label'>0h 0m 0s+17ms</span>
	<div class='desc'>
		<b>ScenarioOutline</b>
		<span class="desc-text">Verify that user is able to create an account</span>
	</div>
	<ul class='steps'>
		<li test-id='39' class='node scenario fail' status='fail'>
			
			<b>Scenario</b>
			
			<span class="bdd-step-name">Verify that user is able to create an account</span>
				<div class='pre'>User Name ------------> partha.das</div>
				<div class='pre'>Time Zone ------------> Asia/Calcutta</div>
				<div class='pre'>Machine -------------->Processors Identifier : Intel64 Family 6 Model 142 Stepping 9, GenuineIntel
Processors Arc1 --------------> : AMD64
Processors Arc2 --------------> : null
Number of Processors --------------> : 4</div>
				<div class='pre'>Selenium -------------> 3.7.0</div>
				<div class='pre'>IP Address ----------------> DESKTOP-CIM2M57/172.18.4.49</div>
				<div class='pre'>Java Version ---------> 1.8.0_171</div>
			
				<ul class='steps'>
					<li test-id='40' class='node given fail' status='fail'><b>Given</b>
						<span class="bdd-step-name">Given user is able to login with "ravi.prakash" and "user@123"</span>
							<div class='pre'><pre>org.openqa.selenium.NoSuchSessionException: Session ID is null. Using WebDriver after calling quit()?
Build info: version: '3.14.0', revision: 'aacccce0', time: '2018-08-02T20:19:58.91Z'
System info: host: 'DESKTOP-CIM2M57', ip: '172.18.4.49', os.name: 'Windows 10', os.arch: 'amd64', os.version: '10.0', java.version: '1.8.0_171'
Driver info: driver.version: RemoteWebDriver
	at org.openqa.selenium.remote.HttpCommandExecutor.execute(HttpCommandExecutor.java:125)
	at org.openqa.selenium.remote.service.DriverCommandExecutor.execute(DriverCommandExecutor.java:83)
	at org.openqa.selenium.remote.RemoteWebDriver.execute(RemoteWebDriver.java:548)
	at org.openqa.selenium.remote.RemoteWebDriver.findElement(RemoteWebDriver.java:322)
	at org.openqa.selenium.remote.RemoteWebDriver.findElementById(RemoteWebDriver.java:368)
	at org.openqa.selenium.By$ById.findElement(By.java:188)
	at org.openqa.selenium.remote.RemoteWebDriver.findElement(RemoteWebDriver.java:314)
	at org.openqa.selenium.support.pagefactory.DefaultElementLocator.findElement(DefaultElementLocator.java:69)
	at org.openqa.selenium.support.pagefactory.internal.LocatingElementHandler.invoke(LocatingElementHandler.java:38)
	at com.sun.proxy.$Proxy20.sendKeys(Unknown Source)
	at com.assetvantage.pageObjectClass.logInPage.loginToApp(logInPage.java:65)
	at com.assetvantage.StepDefination.createAnAccount_Assetvantage.user_is_able_to_login(createAnAccount_Assetvantage.java:35)
	at ?.Given user is able to login with "ravi.prakash" and "user@123"(C:/Users/partha.das/git/BDDFrameworkForQA/demoBDDFramework/src/main/java/com/assetvantage/featureFile/createAccount.feature:5)
</pre></div>
					</li>
					<li test-id='41' class='node when skip' status='skip'><b>When</b>
						<span class="bdd-step-name">When user navigates to menu- master - accounts</span>
							<div class='pre'>skipped</div>
					</li>
					<li test-id='42' class='node then skip' status='skip'><b>Then</b>
						<span class="bdd-step-name">Then verify that user is able to create account</span>
							<div class='pre'>skipped</div>
					</li>
				</ul>
		</li>
	</ul>
</div>
					</div>
				</li>
				
				
				<li class='test displayed active has-leaf skip' status='skip' bdd='true' test-id='43'>
					<div class='test-heading'>
						<span class='test-name'>Verify the details with JSON which are displayed on wealth register page.</span>
						<span class='test-time'>Dec 18, 2018 12:30:20 AM</span>
						<span class='test-status right skip'>skip</span>
					</div>
					<div class='test-content hide'>
<div class='scenariooutline node' test-id='44' status='skip'>
	<span class='duration right label'>0h 0m 0s+11ms</span>
	<div class='desc'>
		<b>ScenarioOutline</b>
		<span class="desc-text">Verify that user successfully verify the wealth register report with given JSON data</span>
	</div>
	<ul class='steps'>
		<li test-id='45' class='node scenario skip' status='skip'>
			
			<b>Scenario</b>
			
			<span class="bdd-step-name">Verify that user successfully verify the wealth register report with given JSON data</span>
				<div class='pre'>User Name ------------> partha.das</div>
				<div class='pre'>Time Zone ------------> Asia/Calcutta</div>
				<div class='pre'>Machine -------------->Processors Identifier : Intel64 Family 6 Model 142 Stepping 9, GenuineIntel
Processors Arc1 --------------> : AMD64
Processors Arc2 --------------> : null
Number of Processors --------------> : 4</div>
				<div class='pre'>Selenium -------------> 3.7.0</div>
				<div class='pre'>IP Address ----------------> DESKTOP-CIM2M57/172.18.4.49</div>
				<div class='pre'>Java Version ---------> 1.8.0_171</div>
			
				<ul class='steps'>
					<li test-id='46' class='node given skip' status='skip'><b>Given</b>
						<span class="bdd-step-name">Given user logs into portal with "ravi.prakash" and "user@123"</span>
							<div class='pre'>skipped</div>
					</li>
					<li test-id='47' class='node when skip' status='skip'><b>When</b>
						<span class="bdd-step-name">When user clicks on menu - analytics and clicks on wealth register</span>
							<div class='pre'>skipped</div>
					</li>
					<li test-id='48' class='node then skip' status='skip'><b>Then</b>
						<span class="bdd-step-name">Then wealth register page is displayed</span>
							<div class='pre'>skipped</div>
					</li>
					<li test-id='49' class='node then skip' status='skip'><b>Then</b>
						<span class="bdd-step-name">Then user search the details by entering correct entity and date and clicked on process</span>
							<div class='pre'>skipped</div>
					</li>
					<li test-id='50' class='node then skip' status='skip'><b>Then</b>
						<span class="bdd-step-name">Then All Denominated Assets are displayed on page</span>
							<div class='pre'>skipped</div>
					</li>
					<li test-id='51' class='node then skip' status='skip'><b>Then</b>
						<span class="bdd-step-name">Then user verify the details with given JSON</span>
							<div class='pre'>skipped</div>
					</li>
				</ul>
		</li>
	</ul>
</div>
					</div>
				</li>
				
				
				<li class='test displayed active has-leaf fail' status='fail' bdd='true' test-id='52'>
					<div class='test-heading'>
						<span class='test-name'>Verify the details with JSON which are displayed on wealth register page.</span>
						<span class='test-time'>Dec 18, 2018 12:31:07 AM</span>
						<span class='test-status right fail'>fail</span>
					</div>
					<div class='test-content hide'>
<div class='scenariooutline node' test-id='53' status='fail'>
	<span class='duration right label'>0h 0m 0s+24ms</span>
	<div class='desc'>
		<b>ScenarioOutline</b>
		<span class="desc-text">Verify that user successfully verify the balanceSheet report with given JSON data</span>
	</div>
	<ul class='steps'>
		<li test-id='54' class='node scenario fail' status='fail'>
			
			<b>Scenario</b>
			
			<span class="bdd-step-name">Verify that user successfully verify the balanceSheet report with given JSON data</span>
				<div class='pre'>User Name ------------> partha.das</div>
				<div class='pre'>Time Zone ------------> Asia/Calcutta</div>
				<div class='pre'>Machine -------------->Processors Identifier : Intel64 Family 6 Model 142 Stepping 9, GenuineIntel
Processors Arc1 --------------> : AMD64
Processors Arc2 --------------> : null
Number of Processors --------------> : 4</div>
				<div class='pre'>Selenium -------------> 3.7.0</div>
				<div class='pre'>IP Address ----------------> DESKTOP-CIM2M57/172.18.4.49</div>
				<div class='pre'>Java Version ---------> 1.8.0_171</div>
			
				<ul class='steps'>
					<li test-id='55' class='node given fail' status='fail'><b>Given</b>
						<span class="bdd-step-name">Given user is logged into portal with "ravi.prakash" and "user@123"</span>
							<div class='pre'><pre>org.openqa.selenium.NoSuchSessionException: Session ID is null. Using WebDriver after calling quit()?
Build info: version: '3.14.0', revision: 'aacccce0', time: '2018-08-02T20:19:58.91Z'
System info: host: 'DESKTOP-CIM2M57', ip: '172.18.4.49', os.name: 'Windows 10', os.arch: 'amd64', os.version: '10.0', java.version: '1.8.0_171'
Driver info: driver.version: RemoteWebDriver
	at org.openqa.selenium.remote.HttpCommandExecutor.execute(HttpCommandExecutor.java:125)
	at org.openqa.selenium.remote.service.DriverCommandExecutor.execute(DriverCommandExecutor.java:83)
	at org.openqa.selenium.remote.RemoteWebDriver.execute(RemoteWebDriver.java:548)
	at org.openqa.selenium.remote.RemoteWebDriver.findElement(RemoteWebDriver.java:322)
	at org.openqa.selenium.remote.RemoteWebDriver.findElementById(RemoteWebDriver.java:368)
	at org.openqa.selenium.By$ById.findElement(By.java:188)
	at org.openqa.selenium.remote.RemoteWebDriver.findElement(RemoteWebDriver.java:314)
	at org.openqa.selenium.support.pagefactory.DefaultElementLocator.findElement(DefaultElementLocator.java:69)
	at org.openqa.selenium.support.pagefactory.internal.LocatingElementHandler.invoke(LocatingElementHandler.java:38)
	at com.sun.proxy.$Proxy20.sendKeys(Unknown Source)
	at com.assetvantage.pageObjectClass.logInPage.loginToApp(logInPage.java:65)
	at com.assetvantage.StepDefination.balanceSheetVerification_Assetvantage.loginToPortal(balanceSheetVerification_Assetvantage.java:34)
	at ?.Given user is logged into portal with "ravi.prakash" and "user@123"(C:/Users/partha.das/git/BDDFrameworkForQA/demoBDDFramework/src/main/java/com/assetvantage/featureFile/balanceSheetVerification.feature:5)
</pre></div>
					</li>
					<li test-id='56' class='node when skip' status='skip'><b>When</b>
						<span class="bdd-step-name">When user Clicks on menu - General Ledger and clicks on Balance Sheet</span>
							<div class='pre'>skipped</div>
					</li>
					<li test-id='57' class='node then skip' status='skip'><b>Then</b>
						<span class="bdd-step-name">Then Balance Sheet page is displayed</span>
							<div class='pre'>skipped</div>
					</li>
					<li test-id='58' class='node then skip' status='skip'><b>Then</b>
						<span class="bdd-step-name">Then user Search the details by entering correct entity and date and clicked on process</span>
							<div class='pre'>skipped</div>
					</li>
					<li test-id='59' class='node then skip' status='skip'><b>Then</b>
						<span class="bdd-step-name">Then All  Equities and Liabilities are displayed on page</span>
							<div class='pre'>skipped</div>
					</li>
					<li test-id='60' class='node then skip' status='skip'><b>Then</b>
						<span class="bdd-step-name">Then User verify the details with given JSON "C:\Users\partha.das\git\BDDFrameworkForQA\demoBDDFramework\src\main\java\com\assetvantage\dataFile\balanceSheet.json"</span>
							<div class='pre'>skipped</div>
					</li>
				</ul>
		</li>
	</ul>
</div>
					</div>
				</li>
				
				
				<li class='test displayed active has-leaf fail' status='fail' bdd='true' test-id='61'>
					<div class='test-heading'>
						<span class='test-name'>Login to Asset Vantage portal</span>
						<span class='test-time'>Dec 18, 2018 12:31:11 AM</span>
						<span class='test-status right fail'>fail</span>
					</div>
					<div class='test-content hide'>
<div class='scenariooutline node' test-id='62' status='fail'>
	<span class='duration right label'>0h 0m 0s+347ms</span>
	<div class='desc'>
		<b>ScenarioOutline</b>
		<span class="desc-text">Verify that user is able to login to portal</span>
	</div>
	<ul class='steps'>
		<li test-id='63' class='node scenario fail' status='fail'>
			
			<b>Scenario</b>
			
			<span class="bdd-step-name">Verify that user is able to login to portal</span>
				<div class='pre'>User Name ------------> partha.das</div>
				<div class='pre'>Time Zone ------------> Asia/Calcutta</div>
				<div class='pre'>Machine -------------->Processors Identifier : Intel64 Family 6 Model 142 Stepping 9, GenuineIntel
Processors Arc1 --------------> : AMD64
Processors Arc2 --------------> : null
Number of Processors --------------> : 4</div>
				<div class='pre'>Selenium -------------> 3.7.0</div>
				<div class='pre'>IP Address ----------------> DESKTOP-CIM2M57/172.18.4.49</div>
				<div class='pre'>Java Version ---------> 1.8.0_171</div>
			
				<ul class='steps'>
					<li test-id='64' class='node given pass' status='pass'><b>Given</b>
						<span class="bdd-step-name">Given user is on login page</span>
							<div class='pre'>passed</div>
					</li>
					<li test-id='65' class='node when fail' status='fail'><b>When</b>
						<span class="bdd-step-name">When user throws "ravi.prakash" and "user@123" and click on Login button</span>
							<div class='pre'><pre>org.openqa.selenium.NoSuchElementException: No such element (WARNING: The server did not provide any stacktrace information)
Command duration or timeout: 0 milliseconds
For documentation on this error, please visit: http://seleniumhq.org/exceptions/no_such_element.html
Build info: version: '3.14.0', revision: 'aacccce0', time: '2018-08-02T20:19:58.91Z'
System info: host: 'DESKTOP-CIM2M57', ip: '172.18.4.49', os.name: 'Windows 10', os.arch: 'amd64', os.version: '10.0', java.version: '1.8.0_171'
Driver info: org.openqa.selenium.edge.EdgeDriver
Capabilities {InPrivate: false, acceptSslCerts: true, applicationCacheEnabled: true, browserName: MicrosoftEdge, browserVersion: 42.17134.1.0, javascriptEnabled: true, locationContextEnabled: true, pageLoadStrategy: normal, platform: WINDOWS, platformName: WINDOWS, platformVersion: 10, takesElementScreenshot: true, takesScreenshot: true, webStorageEnabled: true}
Session ID: DC7EA178-AF2C-44F2-96B8-AAC5B79B8473
*** Element info: {Using=name, value=password}
	at sun.reflect.NativeConstructorAccessorImpl.newInstance0(Native Method)
	at sun.reflect.NativeConstructorAccessorImpl.newInstance(Unknown Source)
	at sun.reflect.DelegatingConstructorAccessorImpl.newInstance(Unknown Source)
	at java.lang.reflect.Constructor.newInstance(Unknown Source)
	at org.openqa.selenium.remote.ErrorHandler.createThrowable(ErrorHandler.java:214)
	at org.openqa.selenium.remote.ErrorHandler.throwIfResponseFailed(ErrorHandler.java:166)
	at org.openqa.selenium.remote.http.JsonHttpResponseCodec.reconstructValue(JsonHttpResponseCodec.java:40)
	at org.openqa.selenium.remote.http.AbstractHttpResponseCodec.decode(AbstractHttpResponseCodec.java:80)
	at org.openqa.selenium.remote.http.AbstractHttpResponseCodec.decode(AbstractHttpResponseCodec.java:44)
	at org.openqa.selenium.remote.HttpCommandExecutor.execute(HttpCommandExecutor.java:158)
	at org.openqa.selenium.remote.service.DriverCommandExecutor.execute(DriverCommandExecutor.java:83)
	at org.openqa.selenium.remote.RemoteWebDriver.execute(RemoteWebDriver.java:548)
	at org.openqa.selenium.remote.RemoteWebDriver.findElement(RemoteWebDriver.java:322)
	at org.openqa.selenium.remote.RemoteWebDriver.findElementByName(RemoteWebDriver.java:400)
	at org.openqa.selenium.By$ByName.findElement(By.java:284)
	at org.openqa.selenium.remote.RemoteWebDriver.findElement(RemoteWebDriver.java:314)
	at org.openqa.selenium.support.pagefactory.DefaultElementLocator.findElement(DefaultElementLocator.java:69)
	at org.openqa.selenium.support.pagefactory.internal.LocatingElementHandler.invoke(LocatingElementHandler.java:38)
	at com.sun.proxy.$Proxy20.sendKeys(Unknown Source)
	at com.assetvantage.pageObjectClass.logInPage.loginToApp(logInPage.java:67)
	at com.assetvantage.StepDefination.loginTo_AssetVantage.loginWithCredentials(loginTo_AssetVantage.java:40)
	at ?.When user throws "ravi.prakash" and "user@123" and click on Login button(D:/EclipseWorkspace/demoBDDFramework/src/main/java/com/assetvantage/featureFile/logIn.feature:6)
</pre></div>
					</li>
					<li test-id='66' class='node then skip' status='skip'><b>Then</b>
						<span class="bdd-step-name">Then Asset Vantage home page is displayed</span>
						<ul class='screenshots right'>
							<li><a data-featherlight="image" href="C:\Users\partha.das\git\BDDFrameworkForQA\demoBDDFramework\target\cucumber-reports\screenshots\Verify_that_user_is_able_to_login_to_portal.png"><i class='material-icons'>panorama</i></a></li>
							<li><a data-featherlight="image" href="C:\Users\partha.das\git\BDDFrameworkForQA\demoBDDFramework\target\cucumber-reports\screenshots\Verify_that_user_is_able_to_login_to_portal.png"><i class='material-icons'>panorama</i></a></li>
							<li><a data-featherlight="image" href="C:\Users\partha.das\git\BDDFrameworkForQA\demoBDDFramework\target\cucumber-reports\screenshots\Verify_that_user_is_able_to_login_to_portal.png"><i class='material-icons'>panorama</i></a></li>
							<li><a data-featherlight="image" href="C:\Users\partha.das\git\BDDFrameworkForQA\demoBDDFramework\target\cucumber-reports\screenshots\Verify_that_user_is_able_to_login_to_portal.png"><i class='material-icons'>panorama</i></a></li>
						</ul>
							<div class='pre'>skipped</div>
					</li>
				</ul>
		</li>
	</ul>
</div>
					</div>
				</li>
				
				
				<li class='test displayed active has-leaf fail' status='fail' bdd='true' test-id='67'>
					<div class='test-heading'>
						<span class='test-name'>Create an account in Assetvantage portal</span>
						<span class='test-time'>Dec 18, 2018 12:31:16 AM</span>
						<span class='test-status right fail'>fail</span>
					</div>
					<div class='test-content hide'>
<div class='scenariooutline node' test-id='68' status='fail'>
	<span class='duration right label'>0h 0m 0s+137ms</span>
	<div class='desc'>
		<b>ScenarioOutline</b>
		<span class="desc-text">Verify that user is able to create an account</span>
	</div>
	<ul class='steps'>
		<li test-id='69' class='node scenario fail' status='fail'>
			
			<b>Scenario</b>
			
			<span class="bdd-step-name">Verify that user is able to create an account</span>
				<div class='pre'>User Name ------------> partha.das</div>
				<div class='pre'>Time Zone ------------> Asia/Calcutta</div>
				<div class='pre'>Machine -------------->Processors Identifier : Intel64 Family 6 Model 142 Stepping 9, GenuineIntel
Processors Arc1 --------------> : AMD64
Processors Arc2 --------------> : null
Number of Processors --------------> : 4</div>
				<div class='pre'>Selenium -------------> 3.7.0</div>
				<div class='pre'>IP Address ----------------> DESKTOP-CIM2M57/172.18.4.49</div>
				<div class='pre'>Java Version ---------> 1.8.0_171</div>
			
				<ul class='steps'>
					<li test-id='70' class='node given fail' status='fail'><b>Given</b>
						<span class="bdd-step-name">Given user is able to login with "ravi.prakash" and "user@123"</span>
							<div class='pre'><pre>org.openqa.selenium.NoSuchElementException: No such element (WARNING: The server did not provide any stacktrace information)
Command duration or timeout: 0 milliseconds
For documentation on this error, please visit: http://seleniumhq.org/exceptions/no_such_element.html
Build info: version: '3.14.0', revision: 'aacccce0', time: '2018-08-02T20:19:58.91Z'
System info: host: 'DESKTOP-CIM2M57', ip: '172.18.4.49', os.name: 'Windows 10', os.arch: 'amd64', os.version: '10.0', java.version: '1.8.0_171'
Driver info: org.openqa.selenium.edge.EdgeDriver
Capabilities {InPrivate: false, acceptSslCerts: true, applicationCacheEnabled: true, browserName: MicrosoftEdge, browserVersion: 42.17134.1.0, javascriptEnabled: true, locationContextEnabled: true, pageLoadStrategy: normal, platform: WINDOWS, platformName: WINDOWS, platformVersion: 10, takesElementScreenshot: true, takesScreenshot: true, webStorageEnabled: true}
Session ID: 8831EA8E-D610-4D95-A844-8FEE13C7E0C0
*** Element info: {Using=name, value=password}
	at sun.reflect.NativeConstructorAccessorImpl.newInstance0(Native Method)
	at sun.reflect.NativeConstructorAccessorImpl.newInstance(Unknown Source)
	at sun.reflect.DelegatingConstructorAccessorImpl.newInstance(Unknown Source)
	at java.lang.reflect.Constructor.newInstance(Unknown Source)
	at org.openqa.selenium.remote.ErrorHandler.createThrowable(ErrorHandler.java:214)
	at org.openqa.selenium.remote.ErrorHandler.throwIfResponseFailed(ErrorHandler.java:166)
	at org.openqa.selenium.remote.http.JsonHttpResponseCodec.reconstructValue(JsonHttpResponseCodec.java:40)
	at org.openqa.selenium.remote.http.AbstractHttpResponseCodec.decode(AbstractHttpResponseCodec.java:80)
	at org.openqa.selenium.remote.http.AbstractHttpResponseCodec.decode(AbstractHttpResponseCodec.java:44)
	at org.openqa.selenium.remote.HttpCommandExecutor.execute(HttpCommandExecutor.java:158)
	at org.openqa.selenium.remote.service.DriverCommandExecutor.execute(DriverCommandExecutor.java:83)
	at org.openqa.selenium.remote.RemoteWebDriver.execute(RemoteWebDriver.java:548)
	at org.openqa.selenium.remote.RemoteWebDriver.findElement(RemoteWebDriver.java:322)
	at org.openqa.selenium.remote.RemoteWebDriver.findElementByName(RemoteWebDriver.java:400)
	at org.openqa.selenium.By$ByName.findElement(By.java:284)
	at org.openqa.selenium.remote.RemoteWebDriver.findElement(RemoteWebDriver.java:314)
	at org.openqa.selenium.support.pagefactory.DefaultElementLocator.findElement(DefaultElementLocator.java:69)
	at org.openqa.selenium.support.pagefactory.internal.LocatingElementHandler.invoke(LocatingElementHandler.java:38)
	at com.sun.proxy.$Proxy20.sendKeys(Unknown Source)
	at com.assetvantage.pageObjectClass.logInPage.loginToApp(logInPage.java:67)
	at com.assetvantage.StepDefination.createAnAccount_Assetvantage.user_is_able_to_login(createAnAccount_Assetvantage.java:35)
	at ?.Given user is able to login with "ravi.prakash" and "user@123"(C:/Users/partha.das/git/BDDFrameworkForQA/demoBDDFramework/src/main/java/com/assetvantage/featureFile/createAccount.feature:5)
</pre></div>
					</li>
					<li test-id='71' class='node when skip' status='skip'><b>When</b>
						<span class="bdd-step-name">When user navigates to menu- master - accounts</span>
							<div class='pre'>skipped</div>
					</li>
					<li test-id='72' class='node then skip' status='skip'><b>Then</b>
						<span class="bdd-step-name">Then verify that user is able to create account</span>
						<ul class='screenshots right'>
							<li><a data-featherlight="image" href="C:\Users\partha.das\git\BDDFrameworkForQA\demoBDDFramework\target\cucumber-reports\screenshots\Verify_that_user_is_able_to_create_an_account.png"><i class='material-icons'>panorama</i></a></li>
							<li><a data-featherlight="image" href="C:\Users\partha.das\git\BDDFrameworkForQA\demoBDDFramework\target\cucumber-reports\screenshots\Verify_that_user_is_able_to_create_an_account.png"><i class='material-icons'>panorama</i></a></li>
							<li><a data-featherlight="image" href="C:\Users\partha.das\git\BDDFrameworkForQA\demoBDDFramework\target\cucumber-reports\screenshots\Verify_that_user_is_able_to_create_an_account.png"><i class='material-icons'>panorama</i></a></li>
							<li><a data-featherlight="image" href="C:\Users\partha.das\git\BDDFrameworkForQA\demoBDDFramework\target\cucumber-reports\screenshots\Verify_that_user_is_able_to_create_an_account.png"><i class='material-icons'>panorama</i></a></li>
						</ul>
							<div class='pre'>skipped</div>
					</li>
				</ul>
		</li>
	</ul>
</div>
					</div>
				</li>
				
				
				<li class='test displayed active has-leaf skip' status='skip' bdd='true' test-id='73'>
					<div class='test-heading'>
						<span class='test-name'>Verify the details with JSON which are displayed on wealth register page.</span>
						<span class='test-time'>Dec 18, 2018 12:31:20 AM</span>
						<span class='test-status right skip'>skip</span>
					</div>
					<div class='test-content hide'>
<div class='scenariooutline node' test-id='74' status='skip'>
	<span class='duration right label'>0h 0m 0s+12ms</span>
	<div class='desc'>
		<b>ScenarioOutline</b>
		<span class="desc-text">Verify that user successfully verify the wealth register report with given JSON data</span>
	</div>
	<ul class='steps'>
		<li test-id='75' class='node scenario skip' status='skip'>
			
			<b>Scenario</b>
			
			<span class="bdd-step-name">Verify that user successfully verify the wealth register report with given JSON data</span>
				<div class='pre'>User Name ------------> partha.das</div>
				<div class='pre'>Time Zone ------------> Asia/Calcutta</div>
				<div class='pre'>Machine -------------->Processors Identifier : Intel64 Family 6 Model 142 Stepping 9, GenuineIntel
Processors Arc1 --------------> : AMD64
Processors Arc2 --------------> : null
Number of Processors --------------> : 4</div>
				<div class='pre'>Selenium -------------> 3.7.0</div>
				<div class='pre'>IP Address ----------------> DESKTOP-CIM2M57/172.18.4.49</div>
				<div class='pre'>Java Version ---------> 1.8.0_171</div>
			
				<ul class='steps'>
					<li test-id='76' class='node given skip' status='skip'><b>Given</b>
						<span class="bdd-step-name">Given user logs into portal with "ravi.prakash" and "user@123"</span>
							<div class='pre'>skipped</div>
					</li>
					<li test-id='77' class='node when skip' status='skip'><b>When</b>
						<span class="bdd-step-name">When user clicks on menu - analytics and clicks on wealth register</span>
							<div class='pre'>skipped</div>
					</li>
					<li test-id='78' class='node then skip' status='skip'><b>Then</b>
						<span class="bdd-step-name">Then wealth register page is displayed</span>
							<div class='pre'>skipped</div>
					</li>
					<li test-id='79' class='node then skip' status='skip'><b>Then</b>
						<span class="bdd-step-name">Then user search the details by entering correct entity and date and clicked on process</span>
							<div class='pre'>skipped</div>
					</li>
					<li test-id='80' class='node then skip' status='skip'><b>Then</b>
						<span class="bdd-step-name">Then All Denominated Assets are displayed on page</span>
							<div class='pre'>skipped</div>
					</li>
					<li test-id='81' class='node then skip' status='skip'><b>Then</b>
						<span class="bdd-step-name">Then user verify the details with given JSON</span>
							<div class='pre'>skipped</div>
					</li>
				</ul>
		</li>
	</ul>
</div>
					</div>
				</li>
				
				
				<li class='test displayed active has-leaf fail' status='fail' bdd='true' test-id='82'>
					<div class='test-heading'>
						<span class='test-name'>Verify the details with JSON which are displayed on wealth register page.</span>
						<span class='test-time'>Dec 18, 2018 12:31:23 AM</span>
						<span class='test-status right fail'>fail</span>
					</div>
					<div class='test-content hide'>
<div class='scenariooutline node' test-id='83' status='fail'>
	<span class='duration right label'>0h 0m 0s+144ms</span>
	<div class='desc'>
		<b>ScenarioOutline</b>
		<span class="desc-text">Verify that user successfully verify the balanceSheet report with given JSON data</span>
	</div>
	<ul class='steps'>
		<li test-id='84' class='node scenario fail' status='fail'>
			
			<b>Scenario</b>
			
			<span class="bdd-step-name">Verify that user successfully verify the balanceSheet report with given JSON data</span>
				<div class='pre'>User Name ------------> partha.das</div>
				<div class='pre'>Time Zone ------------> Asia/Calcutta</div>
				<div class='pre'>Machine -------------->Processors Identifier : Intel64 Family 6 Model 142 Stepping 9, GenuineIntel
Processors Arc1 --------------> : AMD64
Processors Arc2 --------------> : null
Number of Processors --------------> : 4</div>
				<div class='pre'>Selenium -------------> 3.7.0</div>
				<div class='pre'>IP Address ----------------> DESKTOP-CIM2M57/172.18.4.49</div>
				<div class='pre'>Java Version ---------> 1.8.0_171</div>
			
				<ul class='steps'>
					<li test-id='85' class='node given fail' status='fail'><b>Given</b>
						<span class="bdd-step-name">Given user is logged into portal with "ravi.prakash" and "user@123"</span>
							<div class='pre'><pre>org.openqa.selenium.NoSuchElementException: No such element (WARNING: The server did not provide any stacktrace information)
Command duration or timeout: 0 milliseconds
For documentation on this error, please visit: http://seleniumhq.org/exceptions/no_such_element.html
Build info: version: '3.14.0', revision: 'aacccce0', time: '2018-08-02T20:19:58.91Z'
System info: host: 'DESKTOP-CIM2M57', ip: '172.18.4.49', os.name: 'Windows 10', os.arch: 'amd64', os.version: '10.0', java.version: '1.8.0_171'
Driver info: org.openqa.selenium.edge.EdgeDriver
Capabilities {InPrivate: false, acceptSslCerts: true, applicationCacheEnabled: true, browserName: MicrosoftEdge, browserVersion: 42.17134.1.0, javascriptEnabled: true, locationContextEnabled: true, pageLoadStrategy: normal, platform: WINDOWS, platformName: WINDOWS, platformVersion: 10, takesElementScreenshot: true, takesScreenshot: true, webStorageEnabled: true}
Session ID: 178545DF-6D8E-4A54-9711-78F0CC51F406
*** Element info: {Using=name, value=password}
	at sun.reflect.NativeConstructorAccessorImpl.newInstance0(Native Method)
	at sun.reflect.NativeConstructorAccessorImpl.newInstance(Unknown Source)
	at sun.reflect.DelegatingConstructorAccessorImpl.newInstance(Unknown Source)
	at java.lang.reflect.Constructor.newInstance(Unknown Source)
	at org.openqa.selenium.remote.ErrorHandler.createThrowable(ErrorHandler.java:214)
	at org.openqa.selenium.remote.ErrorHandler.throwIfResponseFailed(ErrorHandler.java:166)
	at org.openqa.selenium.remote.http.JsonHttpResponseCodec.reconstructValue(JsonHttpResponseCodec.java:40)
	at org.openqa.selenium.remote.http.AbstractHttpResponseCodec.decode(AbstractHttpResponseCodec.java:80)
	at org.openqa.selenium.remote.http.AbstractHttpResponseCodec.decode(AbstractHttpResponseCodec.java:44)
	at org.openqa.selenium.remote.HttpCommandExecutor.execute(HttpCommandExecutor.java:158)
	at org.openqa.selenium.remote.service.DriverCommandExecutor.execute(DriverCommandExecutor.java:83)
	at org.openqa.selenium.remote.RemoteWebDriver.execute(RemoteWebDriver.java:548)
	at org.openqa.selenium.remote.RemoteWebDriver.findElement(RemoteWebDriver.java:322)
	at org.openqa.selenium.remote.RemoteWebDriver.findElementByName(RemoteWebDriver.java:400)
	at org.openqa.selenium.By$ByName.findElement(By.java:284)
	at org.openqa.selenium.remote.RemoteWebDriver.findElement(RemoteWebDriver.java:314)
	at org.openqa.selenium.support.pagefactory.DefaultElementLocator.findElement(DefaultElementLocator.java:69)
	at org.openqa.selenium.support.pagefactory.internal.LocatingElementHandler.invoke(LocatingElementHandler.java:38)
	at com.sun.proxy.$Proxy20.sendKeys(Unknown Source)
	at com.assetvantage.pageObjectClass.logInPage.loginToApp(logInPage.java:67)
	at com.assetvantage.StepDefination.balanceSheetVerification_Assetvantage.loginToPortal(balanceSheetVerification_Assetvantage.java:34)
	at ?.Given user is logged into portal with "ravi.prakash" and "user@123"(C:/Users/partha.das/git/BDDFrameworkForQA/demoBDDFramework/src/main/java/com/assetvantage/featureFile/balanceSheetVerification.feature:5)
</pre></div>
					</li>
					<li test-id='86' class='node when skip' status='skip'><b>When</b>
						<span class="bdd-step-name">When user Clicks on menu - General Ledger and clicks on Balance Sheet</span>
							<div class='pre'>skipped</div>
					</li>
					<li test-id='87' class='node then skip' status='skip'><b>Then</b>
						<span class="bdd-step-name">Then Balance Sheet page is displayed</span>
							<div class='pre'>skipped</div>
					</li>
					<li test-id='88' class='node then skip' status='skip'><b>Then</b>
						<span class="bdd-step-name">Then user Search the details by entering correct entity and date and clicked on process</span>
							<div class='pre'>skipped</div>
					</li>
					<li test-id='89' class='node then skip' status='skip'><b>Then</b>
						<span class="bdd-step-name">Then All  Equities and Liabilities are displayed on page</span>
							<div class='pre'>skipped</div>
					</li>
					<li test-id='90' class='node then skip' status='skip'><b>Then</b>
						<span class="bdd-step-name">Then User verify the details with given JSON "C:\Users\partha.das\git\BDDFrameworkForQA\demoBDDFramework\src\main\java\com\assetvantage\dataFile\balanceSheet.json"</span>
						<ul class='screenshots right'>
							<li><a data-featherlight="image" href="C:\Users\partha.das\git\BDDFrameworkForQA\demoBDDFramework\target\cucumber-reports\screenshots\Verify_that_user_successfully_verify_the_balanceSheet_report_with_given_JSON_data.png"><i class='material-icons'>panorama</i></a></li>
							<li><a data-featherlight="image" href="C:\Users\partha.das\git\BDDFrameworkForQA\demoBDDFramework\target\cucumber-reports\screenshots\Verify_that_user_successfully_verify_the_balanceSheet_report_with_given_JSON_data.png"><i class='material-icons'>panorama</i></a></li>
							<li><a data-featherlight="image" href="C:\Users\partha.das\git\BDDFrameworkForQA\demoBDDFramework\target\cucumber-reports\screenshots\Verify_that_user_successfully_verify_the_balanceSheet_report_with_given_JSON_data.png"><i class='material-icons'>panorama</i></a></li>
							<li><a data-featherlight="image" href="C:\Users\partha.das\git\BDDFrameworkForQA\demoBDDFramework\target\cucumber-reports\screenshots\Verify_that_user_successfully_verify_the_balanceSheet_report_with_given_JSON_data.png"><i class='material-icons'>panorama</i></a></li>
						</ul>
							<div class='pre'>skipped</div>
					</li>
				</ul>
		</li>
	</ul>
</div>
					</div>
				</li>
			</ul>
		</div>
	</div>
	<!-- subview left -->

	<div class='subview-right left'>
		<div class='view-summary'>
			<h5 class='test-name'></h5>

			<div id='step-filters' class="right">
				<span class="blue-text" status="info" alt="info" title="info"><i class="material-icons">info_outline</i></span>
				<span class="green-text" status="pass" alt="pass" title="pass"><i class="material-icons">check_circle</i></span>
				<span class="red-text" status="fail" alt="fail" title="fail"><i class="material-icons">cancel</i></span>
				<span class="red-text text-darken-4" status="fatal" alt="fatal" title="fatal"><i class="material-icons">cancel</i></span>
				<span class="pink-text text-lighten-1" status="error" alt="error" title="error"><i class="material-icons">error</i></span>
				<span class="orange-text" alt="warning" status="warning" title="warning"><i class="material-icons">warning</i></span>
				<span class="teal-text" status="skip" alt="skip" title="skip"><i class="material-icons">redo</i></span>
				<span status="clear" alt="Clear filters" title="Clear filters"><i class="material-icons">clear</i></span>
			</div>
		</div>
	</div>
	<!-- subview right -->

</div>
<!-- test view -->
<!-- category view -->
<div id='exception-view' class='view hide'>

    <section id='controls'>
        <div class='controls grey lighten-4'>
            <!-- search -->
            <div class='chip transparent' alt='Search Tests' title='Search Tests'>
                <a href="#" class='search-div'>
                    <i class='material-icons'>search</i> Search
                </a>

                <div class='input-field left hide'>
                    <input id='search-tests' type='text' class='validate browser-default' placeholder='Search Tests...'>
                </div>

            </div>
            <!-- search -->
        </div>
    </section>

    <div class='subview-left left'>

        <div class='view-summary'>
            <h5>Exceptions</h3>
                <ul id='exception-collection' class='exception-collection'>

                        <li class='exception displayed active'>
                            <div class='exception-heading'>
                                <span class='exception-name'>org.openqa.selenium.WebDriverException</span>
                                <span class='exception-count right'><span class='label red lighten-1 white-text'>2</span></span>
                            </div>
                            <div class='exception-content hide'>
                                <div class='exception-tests'>
                                    <table class='bordered table-results'>
                                        <thead>
                                        <tr>
                                            <th>Timestamp</th>
                                            <th>TestName</th>
                                            <th>Status</th>
                                        </tr>
                                        </thead>
                                        <tbody>
                                                    <tr>
                                                        <td>Dec 18, 2018 12:26:23 AM</td>
                                                        <td class='linked' test-id='12'>Create an account in Assetvantage portal.Verify that user is able to create an account.Verify that user is able to create an account.Then verify that user is able to create account</td>
                                                        <td><pre><textarea>org.openqa.selenium.WebDriverException: unknown error: Element <button id="go" class="btn btn-small" tabindex="-1" onclick="getRecords('masters/index/search/data?master=account', 1);">...</button> is not clickable at point (632, 92). Other element would receive the click: <div class="modalloader"></div>
  (Session info: chrome=71.0.3578.98)
  (Driver info: chromedriver=2.44.609538 (b655c5a60b0b544917107a59d4153d4bf78e1b90),platform=Windows NT 10.0.17134 x86_64) (WARNING: The server did not provide any stacktrace information)
Command duration or timeout: 0 milliseconds
Build info: version: '3.14.0', revision: 'aacccce0', time: '2018-08-02T20:19:58.91Z'
System info: host: 'DESKTOP-CIM2M57', ip: '172.18.4.49', os.name: 'Windows 10', os.arch: 'amd64', os.version: '10.0', java.version: '1.8.0_171'
Driver info: org.openqa.selenium.chrome.ChromeDriver
Capabilities {acceptInsecureCerts: false, acceptSslCerts: false, applicationCacheEnabled: false, browserConnectionEnabled: false, browserName: chrome, chrome: {chromedriverVersion: 2.44.609538 (b655c5a60b0b54..., userDataDir: C:\Users\partha.das\AppData...}, cssSelectorsEnabled: true, databaseEnabled: false, goog:chromeOptions: {debuggerAddress: localhost:53673}, handlesAlerts: true, hasTouchScreen: false, javascriptEnabled: true, locationContextEnabled: true, mobileEmulationEnabled: false, nativeEvents: true, networkConnectionEnabled: false, pageLoadStrategy: normal, platform: XP, platformName: XP, rotatable: false, setWindowRect: true, takesHeapSnapshot: true, takesScreenshot: true, unexpectedAlertBehaviour: ignore, unhandledPromptBehavior: ignore, version: 71.0.3578.98, webStorageEnabled: true}
Session ID: 9eac61de9cd3cb098614b50496a46357
	at sun.reflect.NativeConstructorAccessorImpl.newInstance0(Native Method)
	at sun.reflect.NativeConstructorAccessorImpl.newInstance(Unknown Source)
	at sun.reflect.DelegatingConstructorAccessorImpl.newInstance(Unknown Source)
	at java.lang.reflect.Constructor.newInstance(Unknown Source)
	at org.openqa.selenium.remote.ErrorHandler.createThrowable(ErrorHandler.java:214)
	at org.openqa.selenium.remote.ErrorHandler.throwIfResponseFailed(ErrorHandler.java:166)
	at org.openqa.selenium.remote.http.JsonHttpResponseCodec.reconstructValue(JsonHttpResponseCodec.java:40)
	at org.openqa.selenium.remote.http.AbstractHttpResponseCodec.decode(AbstractHttpResponseCodec.java:80)
	at org.openqa.selenium.remote.http.AbstractHttpResponseCodec.decode(AbstractHttpResponseCodec.java:44)
	at org.openqa.selenium.remote.HttpCommandExecutor.execute(HttpCommandExecutor.java:158)
	at org.openqa.selenium.remote.service.DriverCommandExecutor.execute(DriverCommandExecutor.java:83)
	at org.openqa.selenium.remote.RemoteWebDriver.execute(RemoteWebDriver.java:548)
	at org.openqa.selenium.remote.RemoteWebElement.execute(RemoteWebElement.java:276)
	at org.openqa.selenium.remote.RemoteWebElement.click(RemoteWebElement.java:83)
	at sun.reflect.NativeMethodAccessorImpl.invoke0(Native Method)
	at sun.reflect.NativeMethodAccessorImpl.invoke(Unknown Source)
	at sun.reflect.DelegatingMethodAccessorImpl.invoke(Unknown Source)
	at java.lang.reflect.Method.invoke(Unknown Source)
	at org.openqa.selenium.support.pagefactory.internal.LocatingElementHandler.invoke(LocatingElementHandler.java:51)
	at com.sun.proxy.$Proxy20.click(Unknown Source)
	at com.assetvantage.pageObjectClass.accountsPage.viewCreatedAccount(accountsPage.java:275)
	at com.assetvantage.StepDefination.createAnAccount_Assetvantage.verify_that_user_is_able_to_create_account(createAnAccount_Assetvantage.java:54)
	at ?.Then verify that user is able to create account(C:/Users/partha.das/git/BDDFrameworkForQA/demoBDDFramework/src/main/java/com/assetvantage/featureFile/createAccount.feature:7)
</textarea></pre></td>
                                                    </tr>
                                                    <tr>
                                                        <td>Dec 18, 2018 12:27:54 AM</td>
                                                        <td class='linked' test-id='29'>Verify the details with JSON which are displayed on wealth register page..Verify that user successfully verify the balanceSheet report with given JSON data.Verify that user successfully verify the balanceSheet report with given JSON data.Then All  Equities and Liabilities are displayed on page</td>
                                                        <td><pre><textarea>org.openqa.selenium.WebDriverException: unknown error: Element <button class="tbl-expand pull-left" title="Expand All" id="btnExpandAll">...</button> is not clickable at point (42, 107). Other element would receive the click: <div class="modalloader"></div>
  (Session info: chrome=71.0.3578.98)
  (Driver info: chromedriver=2.44.609538 (b655c5a60b0b544917107a59d4153d4bf78e1b90),platform=Windows NT 10.0.17134 x86_64) (WARNING: The server did not provide any stacktrace information)
Command duration or timeout: 0 milliseconds
Build info: version: '3.14.0', revision: 'aacccce0', time: '2018-08-02T20:19:58.91Z'
System info: host: 'DESKTOP-CIM2M57', ip: '172.18.4.49', os.name: 'Windows 10', os.arch: 'amd64', os.version: '10.0', java.version: '1.8.0_171'
Driver info: org.openqa.selenium.chrome.ChromeDriver
Capabilities {acceptInsecureCerts: false, acceptSslCerts: false, applicationCacheEnabled: false, browserConnectionEnabled: false, browserName: chrome, chrome: {chromedriverVersion: 2.44.609538 (b655c5a60b0b54..., userDataDir: C:\Users\partha.das\AppData...}, cssSelectorsEnabled: true, databaseEnabled: false, goog:chromeOptions: {debuggerAddress: localhost:53749}, handlesAlerts: true, hasTouchScreen: false, javascriptEnabled: true, locationContextEnabled: true, mobileEmulationEnabled: false, nativeEvents: true, networkConnectionEnabled: false, pageLoadStrategy: normal, platform: XP, platformName: XP, rotatable: false, setWindowRect: true, takesHeapSnapshot: true, takesScreenshot: true, unexpectedAlertBehaviour: ignore, unhandledPromptBehavior: ignore, version: 71.0.3578.98, webStorageEnabled: true}
Session ID: 292a2846e4940f40113c50809cdede27
	at sun.reflect.NativeConstructorAccessorImpl.newInstance0(Native Method)
	at sun.reflect.NativeConstructorAccessorImpl.newInstance(Unknown Source)
	at sun.reflect.DelegatingConstructorAccessorImpl.newInstance(Unknown Source)
	at java.lang.reflect.Constructor.newInstance(Unknown Source)
	at org.openqa.selenium.remote.ErrorHandler.createThrowable(ErrorHandler.java:214)
	at org.openqa.selenium.remote.ErrorHandler.throwIfResponseFailed(ErrorHandler.java:166)
	at org.openqa.selenium.remote.http.JsonHttpResponseCodec.reconstructValue(JsonHttpResponseCodec.java:40)
	at org.openqa.selenium.remote.http.AbstractHttpResponseCodec.decode(AbstractHttpResponseCodec.java:80)
	at org.openqa.selenium.remote.http.AbstractHttpResponseCodec.decode(AbstractHttpResponseCodec.java:44)
	at org.openqa.selenium.remote.HttpCommandExecutor.execute(HttpCommandExecutor.java:158)
	at org.openqa.selenium.remote.service.DriverCommandExecutor.execute(DriverCommandExecutor.java:83)
	at org.openqa.selenium.remote.RemoteWebDriver.execute(RemoteWebDriver.java:548)
	at org.openqa.selenium.remote.RemoteWebElement.execute(RemoteWebElement.java:276)
	at org.openqa.selenium.remote.RemoteWebElement.click(RemoteWebElement.java:83)
	at sun.reflect.GeneratedMethodAccessor9.invoke(Unknown Source)
	at sun.reflect.DelegatingMethodAccessorImpl.invoke(Unknown Source)
	at java.lang.reflect.Method.invoke(Unknown Source)
	at org.openqa.selenium.support.pagefactory.internal.LocatingElementHandler.invoke(LocatingElementHandler.java:51)
	at com.sun.proxy.$Proxy20.click(Unknown Source)
	at com.assetvantage.pageObjectClass.balanceSheetPage.expandTheReport(balanceSheetPage.java:154)
	at com.assetvantage.StepDefination.balanceSheetVerification_Assetvantage.detailedReportIsDisplayed(balanceSheetVerification_Assetvantage.java:68)
	at ?.Then All  Equities and Liabilities are displayed on page(C:/Users/partha.das/git/BDDFrameworkForQA/demoBDDFramework/src/main/java/com/assetvantage/featureFile/balanceSheetVerification.feature:9)
</textarea></pre></td>
                                                    </tr>
                                        </tbody>
                                    </table>
                                </div>
                            </div>
                        </li>
                        <li class='exception displayed active'>
                            <div class='exception-heading'>
                                <span class='exception-name'>org.openqa.selenium.NoSuchSessionException</span>
                                <span class='exception-count right'><span class='label red lighten-1 white-text'>3</span></span>
                            </div>
                            <div class='exception-content hide'>
                                <div class='exception-tests'>
                                    <table class='bordered table-results'>
                                        <thead>
                                        <tr>
                                            <th>Timestamp</th>
                                            <th>TestName</th>
                                            <th>Status</th>
                                        </tr>
                                        </thead>
                                        <tbody>
                                                    <tr>
                                                        <td>Dec 18, 2018 12:28:45 AM</td>
                                                        <td class='linked' test-id='35'>Login to Asset Vantage portal.Verify that user is able to login to portal.Verify that user is able to login to portal.When user throws "ravi.prakash" and "user@123" and click on Login button</td>
                                                        <td><pre><pre>org.openqa.selenium.NoSuchSessionException: Session ID is null. Using WebDriver after calling quit()?
Build info: version: '3.14.0', revision: 'aacccce0', time: '2018-08-02T20:19:58.91Z'
System info: host: 'DESKTOP-CIM2M57', ip: '172.18.4.49', os.name: 'Windows 10', os.arch: 'amd64', os.version: '10.0', java.version: '1.8.0_171'
Driver info: driver.version: RemoteWebDriver
	at org.openqa.selenium.remote.HttpCommandExecutor.execute(HttpCommandExecutor.java:125)
	at org.openqa.selenium.remote.service.DriverCommandExecutor.execute(DriverCommandExecutor.java:83)
	at org.openqa.selenium.remote.RemoteWebDriver.execute(RemoteWebDriver.java:548)
	at org.openqa.selenium.remote.RemoteWebDriver.findElement(RemoteWebDriver.java:322)
	at org.openqa.selenium.remote.RemoteWebDriver.findElementById(RemoteWebDriver.java:368)
	at org.openqa.selenium.By$ById.findElement(By.java:188)
	at org.openqa.selenium.remote.RemoteWebDriver.findElement(RemoteWebDriver.java:314)
	at org.openqa.selenium.support.pagefactory.DefaultElementLocator.findElement(DefaultElementLocator.java:69)
	at org.openqa.selenium.support.pagefactory.internal.LocatingElementHandler.invoke(LocatingElementHandler.java:38)
	at com.sun.proxy.$Proxy20.sendKeys(Unknown Source)
	at com.assetvantage.pageObjectClass.logInPage.loginToApp(logInPage.java:65)
	at com.assetvantage.StepDefination.loginTo_AssetVantage.loginWithCredentials(loginTo_AssetVantage.java:40)
	at ?.When user throws "ravi.prakash" and "user@123" and click on Login button(D:/EclipseWorkspace/demoBDDFramework/src/main/java/com/assetvantage/featureFile/logIn.feature:6)
</pre></pre></td>
                                                    </tr>
                                                    <tr>
                                                        <td>Dec 18, 2018 12:29:32 AM</td>
                                                        <td class='linked' test-id='40'>Create an account in Assetvantage portal.Verify that user is able to create an account.Verify that user is able to create an account.Given user is able to login with "ravi.prakash" and "user@123"</td>
                                                        <td><pre><pre>org.openqa.selenium.NoSuchSessionException: Session ID is null. Using WebDriver after calling quit()?
Build info: version: '3.14.0', revision: 'aacccce0', time: '2018-08-02T20:19:58.91Z'
System info: host: 'DESKTOP-CIM2M57', ip: '172.18.4.49', os.name: 'Windows 10', os.arch: 'amd64', os.version: '10.0', java.version: '1.8.0_171'
Driver info: driver.version: RemoteWebDriver
	at org.openqa.selenium.remote.HttpCommandExecutor.execute(HttpCommandExecutor.java:125)
	at org.openqa.selenium.remote.service.DriverCommandExecutor.execute(DriverCommandExecutor.java:83)
	at org.openqa.selenium.remote.RemoteWebDriver.execute(RemoteWebDriver.java:548)
	at org.openqa.selenium.remote.RemoteWebDriver.findElement(RemoteWebDriver.java:322)
	at org.openqa.selenium.remote.RemoteWebDriver.findElementById(RemoteWebDriver.java:368)
	at org.openqa.selenium.By$ById.findElement(By.java:188)
	at org.openqa.selenium.remote.RemoteWebDriver.findElement(RemoteWebDriver.java:314)
	at org.openqa.selenium.support.pagefactory.DefaultElementLocator.findElement(DefaultElementLocator.java:69)
	at org.openqa.selenium.support.pagefactory.internal.LocatingElementHandler.invoke(LocatingElementHandler.java:38)
	at com.sun.proxy.$Proxy20.sendKeys(Unknown Source)
	at com.assetvantage.pageObjectClass.logInPage.loginToApp(logInPage.java:65)
	at com.assetvantage.StepDefination.createAnAccount_Assetvantage.user_is_able_to_login(createAnAccount_Assetvantage.java:35)
	at ?.Given user is able to login with "ravi.prakash" and "user@123"(C:/Users/partha.das/git/BDDFrameworkForQA/demoBDDFramework/src/main/java/com/assetvantage/featureFile/createAccount.feature:5)
</pre></pre></td>
                                                    </tr>
                                                    <tr>
                                                        <td>Dec 18, 2018 12:31:07 AM</td>
                                                        <td class='linked' test-id='55'>Verify the details with JSON which are displayed on wealth register page..Verify that user successfully verify the balanceSheet report with given JSON data.Verify that user successfully verify the balanceSheet report with given JSON data.Given user is logged into portal with "ravi.prakash" and "user@123"</td>
                                                        <td><pre><pre>org.openqa.selenium.NoSuchSessionException: Session ID is null. Using WebDriver after calling quit()?
Build info: version: '3.14.0', revision: 'aacccce0', time: '2018-08-02T20:19:58.91Z'
System info: host: 'DESKTOP-CIM2M57', ip: '172.18.4.49', os.name: 'Windows 10', os.arch: 'amd64', os.version: '10.0', java.version: '1.8.0_171'
Driver info: driver.version: RemoteWebDriver
	at org.openqa.selenium.remote.HttpCommandExecutor.execute(HttpCommandExecutor.java:125)
	at org.openqa.selenium.remote.service.DriverCommandExecutor.execute(DriverCommandExecutor.java:83)
	at org.openqa.selenium.remote.RemoteWebDriver.execute(RemoteWebDriver.java:548)
	at org.openqa.selenium.remote.RemoteWebDriver.findElement(RemoteWebDriver.java:322)
	at org.openqa.selenium.remote.RemoteWebDriver.findElementById(RemoteWebDriver.java:368)
	at org.openqa.selenium.By$ById.findElement(By.java:188)
	at org.openqa.selenium.remote.RemoteWebDriver.findElement(RemoteWebDriver.java:314)
	at org.openqa.selenium.support.pagefactory.DefaultElementLocator.findElement(DefaultElementLocator.java:69)
	at org.openqa.selenium.support.pagefactory.internal.LocatingElementHandler.invoke(LocatingElementHandler.java:38)
	at com.sun.proxy.$Proxy20.sendKeys(Unknown Source)
	at com.assetvantage.pageObjectClass.logInPage.loginToApp(logInPage.java:65)
	at com.assetvantage.StepDefination.balanceSheetVerification_Assetvantage.loginToPortal(balanceSheetVerification_Assetvantage.java:34)
	at ?.Given user is logged into portal with "ravi.prakash" and "user@123"(C:/Users/partha.das/git/BDDFrameworkForQA/demoBDDFramework/src/main/java/com/assetvantage/featureFile/balanceSheetVerification.feature:5)
</pre></pre></td>
                                                    </tr>
                                        </tbody>
                                    </table>
                                </div>
                            </div>
                        </li>
                        <li class='exception displayed active'>
                            <div class='exception-heading'>
                                <span class='exception-name'>org.openqa.selenium.NoSuchElementException</span>
                                <span class='exception-count right'><span class='label red lighten-1 white-text'>3</span></span>
                            </div>
                            <div class='exception-content hide'>
                                <div class='exception-tests'>
                                    <table class='bordered table-results'>
                                        <thead>
                                        <tr>
                                            <th>Timestamp</th>
                                            <th>TestName</th>
                                            <th>Status</th>
                                        </tr>
                                        </thead>
                                        <tbody>
                                                    <tr>
                                                        <td>Dec 18, 2018 12:31:11 AM</td>
                                                        <td class='linked' test-id='65'>Login to Asset Vantage portal.Verify that user is able to login to portal.Verify that user is able to login to portal.When user throws "ravi.prakash" and "user@123" and click on Login button</td>
                                                        <td><pre><pre>org.openqa.selenium.NoSuchElementException: No such element (WARNING: The server did not provide any stacktrace information)
Command duration or timeout: 0 milliseconds
For documentation on this error, please visit: http://seleniumhq.org/exceptions/no_such_element.html
Build info: version: '3.14.0', revision: 'aacccce0', time: '2018-08-02T20:19:58.91Z'
System info: host: 'DESKTOP-CIM2M57', ip: '172.18.4.49', os.name: 'Windows 10', os.arch: 'amd64', os.version: '10.0', java.version: '1.8.0_171'
Driver info: org.openqa.selenium.edge.EdgeDriver
Capabilities {InPrivate: false, acceptSslCerts: true, applicationCacheEnabled: true, browserName: MicrosoftEdge, browserVersion: 42.17134.1.0, javascriptEnabled: true, locationContextEnabled: true, pageLoadStrategy: normal, platform: WINDOWS, platformName: WINDOWS, platformVersion: 10, takesElementScreenshot: true, takesScreenshot: true, webStorageEnabled: true}
Session ID: DC7EA178-AF2C-44F2-96B8-AAC5B79B8473
*** Element info: {Using=name, value=password}
	at sun.reflect.NativeConstructorAccessorImpl.newInstance0(Native Method)
	at sun.reflect.NativeConstructorAccessorImpl.newInstance(Unknown Source)
	at sun.reflect.DelegatingConstructorAccessorImpl.newInstance(Unknown Source)
	at java.lang.reflect.Constructor.newInstance(Unknown Source)
	at org.openqa.selenium.remote.ErrorHandler.createThrowable(ErrorHandler.java:214)
	at org.openqa.selenium.remote.ErrorHandler.throwIfResponseFailed(ErrorHandler.java:166)
	at org.openqa.selenium.remote.http.JsonHttpResponseCodec.reconstructValue(JsonHttpResponseCodec.java:40)
	at org.openqa.selenium.remote.http.AbstractHttpResponseCodec.decode(AbstractHttpResponseCodec.java:80)
	at org.openqa.selenium.remote.http.AbstractHttpResponseCodec.decode(AbstractHttpResponseCodec.java:44)
	at org.openqa.selenium.remote.HttpCommandExecutor.execute(HttpCommandExecutor.java:158)
	at org.openqa.selenium.remote.service.DriverCommandExecutor.execute(DriverCommandExecutor.java:83)
	at org.openqa.selenium.remote.RemoteWebDriver.execute(RemoteWebDriver.java:548)
	at org.openqa.selenium.remote.RemoteWebDriver.findElement(RemoteWebDriver.java:322)
	at org.openqa.selenium.remote.RemoteWebDriver.findElementByName(RemoteWebDriver.java:400)
	at org.openqa.selenium.By$ByName.findElement(By.java:284)
	at org.openqa.selenium.remote.RemoteWebDriver.findElement(RemoteWebDriver.java:314)
	at org.openqa.selenium.support.pagefactory.DefaultElementLocator.findElement(DefaultElementLocator.java:69)
	at org.openqa.selenium.support.pagefactory.internal.LocatingElementHandler.invoke(LocatingElementHandler.java:38)
	at com.sun.proxy.$Proxy20.sendKeys(Unknown Source)
	at com.assetvantage.pageObjectClass.logInPage.loginToApp(logInPage.java:67)
	at com.assetvantage.StepDefination.loginTo_AssetVantage.loginWithCredentials(loginTo_AssetVantage.java:40)
	at ?.When user throws "ravi.prakash" and "user@123" and click on Login button(D:/EclipseWorkspace/demoBDDFramework/src/main/java/com/assetvantage/featureFile/logIn.feature:6)
</pre></pre></td>
                                                    </tr>
                                                    <tr>
                                                        <td>Dec 18, 2018 12:31:16 AM</td>
                                                        <td class='linked' test-id='70'>Create an account in Assetvantage portal.Verify that user is able to create an account.Verify that user is able to create an account.Given user is able to login with "ravi.prakash" and "user@123"</td>
                                                        <td><pre><pre>org.openqa.selenium.NoSuchElementException: No such element (WARNING: The server did not provide any stacktrace information)
Command duration or timeout: 0 milliseconds
For documentation on this error, please visit: http://seleniumhq.org/exceptions/no_such_element.html
Build info: version: '3.14.0', revision: 'aacccce0', time: '2018-08-02T20:19:58.91Z'
System info: host: 'DESKTOP-CIM2M57', ip: '172.18.4.49', os.name: 'Windows 10', os.arch: 'amd64', os.version: '10.0', java.version: '1.8.0_171'
Driver info: org.openqa.selenium.edge.EdgeDriver
Capabilities {InPrivate: false, acceptSslCerts: true, applicationCacheEnabled: true, browserName: MicrosoftEdge, browserVersion: 42.17134.1.0, javascriptEnabled: true, locationContextEnabled: true, pageLoadStrategy: normal, platform: WINDOWS, platformName: WINDOWS, platformVersion: 10, takesElementScreenshot: true, takesScreenshot: true, webStorageEnabled: true}
Session ID: 8831EA8E-D610-4D95-A844-8FEE13C7E0C0
*** Element info: {Using=name, value=password}
	at sun.reflect.NativeConstructorAccessorImpl.newInstance0(Native Method)
	at sun.reflect.NativeConstructorAccessorImpl.newInstance(Unknown Source)
	at sun.reflect.DelegatingConstructorAccessorImpl.newInstance(Unknown Source)
	at java.lang.reflect.Constructor.newInstance(Unknown Source)
	at org.openqa.selenium.remote.ErrorHandler.createThrowable(ErrorHandler.java:214)
	at org.openqa.selenium.remote.ErrorHandler.throwIfResponseFailed(ErrorHandler.java:166)
	at org.openqa.selenium.remote.http.JsonHttpResponseCodec.reconstructValue(JsonHttpResponseCodec.java:40)
	at org.openqa.selenium.remote.http.AbstractHttpResponseCodec.decode(AbstractHttpResponseCodec.java:80)
	at org.openqa.selenium.remote.http.AbstractHttpResponseCodec.decode(AbstractHttpResponseCodec.java:44)
	at org.openqa.selenium.remote.HttpCommandExecutor.execute(HttpCommandExecutor.java:158)
	at org.openqa.selenium.remote.service.DriverCommandExecutor.execute(DriverCommandExecutor.java:83)
	at org.openqa.selenium.remote.RemoteWebDriver.execute(RemoteWebDriver.java:548)
	at org.openqa.selenium.remote.RemoteWebDriver.findElement(RemoteWebDriver.java:322)
	at org.openqa.selenium.remote.RemoteWebDriver.findElementByName(RemoteWebDriver.java:400)
	at org.openqa.selenium.By$ByName.findElement(By.java:284)
	at org.openqa.selenium.remote.RemoteWebDriver.findElement(RemoteWebDriver.java:314)
	at org.openqa.selenium.support.pagefactory.DefaultElementLocator.findElement(DefaultElementLocator.java:69)
	at org.openqa.selenium.support.pagefactory.internal.LocatingElementHandler.invoke(LocatingElementHandler.java:38)
	at com.sun.proxy.$Proxy20.sendKeys(Unknown Source)
	at com.assetvantage.pageObjectClass.logInPage.loginToApp(logInPage.java:67)
	at com.assetvantage.StepDefination.createAnAccount_Assetvantage.user_is_able_to_login(createAnAccount_Assetvantage.java:35)
	at ?.Given user is able to login with "ravi.prakash" and "user@123"(C:/Users/partha.das/git/BDDFrameworkForQA/demoBDDFramework/src/main/java/com/assetvantage/featureFile/createAccount.feature:5)
</pre></pre></td>
                                                    </tr>
                                                    <tr>
                                                        <td>Dec 18, 2018 12:31:23 AM</td>
                                                        <td class='linked' test-id='85'>Verify the details with JSON which are displayed on wealth register page..Verify that user successfully verify the balanceSheet report with given JSON data.Verify that user successfully verify the balanceSheet report with given JSON data.Given user is logged into portal with "ravi.prakash" and "user@123"</td>
                                                        <td><pre><pre>org.openqa.selenium.NoSuchElementException: No such element (WARNING: The server did not provide any stacktrace information)
Command duration or timeout: 0 milliseconds
For documentation on this error, please visit: http://seleniumhq.org/exceptions/no_such_element.html
Build info: version: '3.14.0', revision: 'aacccce0', time: '2018-08-02T20:19:58.91Z'
System info: host: 'DESKTOP-CIM2M57', ip: '172.18.4.49', os.name: 'Windows 10', os.arch: 'amd64', os.version: '10.0', java.version: '1.8.0_171'
Driver info: org.openqa.selenium.edge.EdgeDriver
Capabilities {InPrivate: false, acceptSslCerts: true, applicationCacheEnabled: true, browserName: MicrosoftEdge, browserVersion: 42.17134.1.0, javascriptEnabled: true, locationContextEnabled: true, pageLoadStrategy: normal, platform: WINDOWS, platformName: WINDOWS, platformVersion: 10, takesElementScreenshot: true, takesScreenshot: true, webStorageEnabled: true}
Session ID: 178545DF-6D8E-4A54-9711-78F0CC51F406
*** Element info: {Using=name, value=password}
	at sun.reflect.NativeConstructorAccessorImpl.newInstance0(Native Method)
	at sun.reflect.NativeConstructorAccessorImpl.newInstance(Unknown Source)
	at sun.reflect.DelegatingConstructorAccessorImpl.newInstance(Unknown Source)
	at java.lang.reflect.Constructor.newInstance(Unknown Source)
	at org.openqa.selenium.remote.ErrorHandler.createThrowable(ErrorHandler.java:214)
	at org.openqa.selenium.remote.ErrorHandler.throwIfResponseFailed(ErrorHandler.java:166)
	at org.openqa.selenium.remote.http.JsonHttpResponseCodec.reconstructValue(JsonHttpResponseCodec.java:40)
	at org.openqa.selenium.remote.http.AbstractHttpResponseCodec.decode(AbstractHttpResponseCodec.java:80)
	at org.openqa.selenium.remote.http.AbstractHttpResponseCodec.decode(AbstractHttpResponseCodec.java:44)
	at org.openqa.selenium.remote.HttpCommandExecutor.execute(HttpCommandExecutor.java:158)
	at org.openqa.selenium.remote.service.DriverCommandExecutor.execute(DriverCommandExecutor.java:83)
	at org.openqa.selenium.remote.RemoteWebDriver.execute(RemoteWebDriver.java:548)
	at org.openqa.selenium.remote.RemoteWebDriver.findElement(RemoteWebDriver.java:322)
	at org.openqa.selenium.remote.RemoteWebDriver.findElementByName(RemoteWebDriver.java:400)
	at org.openqa.selenium.By$ByName.findElement(By.java:284)
	at org.openqa.selenium.remote.RemoteWebDriver.findElement(RemoteWebDriver.java:314)
	at org.openqa.selenium.support.pagefactory.DefaultElementLocator.findElement(DefaultElementLocator.java:69)
	at org.openqa.selenium.support.pagefactory.internal.LocatingElementHandler.invoke(LocatingElementHandler.java:38)
	at com.sun.proxy.$Proxy20.sendKeys(Unknown Source)
	at com.assetvantage.pageObjectClass.logInPage.loginToApp(logInPage.java:67)
	at com.assetvantage.StepDefination.balanceSheetVerification_Assetvantage.loginToPortal(balanceSheetVerification_Assetvantage.java:34)
	at ?.Given user is logged into portal with "ravi.prakash" and "user@123"(C:/Users/partha.das/git/BDDFrameworkForQA/demoBDDFramework/src/main/java/com/assetvantage/featureFile/balanceSheetVerification.feature:5)
</pre></pre></td>
                                                    </tr>
                                        </tbody>
                                    </table>
                                </div>
                            </div>
                        </li>
                </ul>
        </div>
    </div>

    <div class='subview-right left'>
        <div class='view-summary'>
            <h5 class='exception-name'></h5>
        </div>
    </div>
</div>
<!-- exception view -->
<div id='dashboard-view' class='view hide'>
	<div class='card-panel transparent np-v'>
		<h5>Dashboard</h5>

		<div class='row'>
			<div class='col s2'>
				<div class='card-panel r'>
					Features
					<div class='panel-lead'>12</div>
				</div>
			</div>
			<div class='col s2'>
				<div class='card-panel r'>
					Scenarios
					<div class='panel-lead'>12</div>
				</div>
			</div>
			<div class='col s2'>
				<div class='card-panel r'>
					Steps
					<div class='panel-lead'>54</div>
				</div>
			</div>
			<div class='col s2'>
				<div class='card-panel r'>
					Start
					<div class='panel-lead'>Dec 18, 2018 12:25:27 AM</div>
				</div>
			</div>
			<div class='col s2'>
				<div class='card-panel r'>
			 		End
			 		<div class='panel-lead'>Dec 18, 2018 12:31:25 AM</div>
				</div>
			</div>
			<div class='col s2'>
				<div class='card-panel r'>
					Time Taken
					<div class='panel-lead'>357,961ms</div>
				</div>
			</div>
		</div>
	</div>
</div>
<!-- dashboard view -->
<!-- testrunner-logs view -->
		</div>
		<!-- container -->

		<script>
			var statusGroup = {
				passParent: 1,
				failParent: 8,
				fatalParent: 0,
				errorParent: 0,
				warningParent: 0,
				skipParent: 3,
				exceptionsParent: 11,
				
				passChild: 1,
				failChild: 8,
				fatalChild: 0,
				errorChild: 0,
				warningChild: 0,
				skipChild: 3,
				infoChild: 0,
				exceptionsChild: 11,
				
				passGrandChild: 11,
				failGrandChild: 8,
				fatalGrandChild: 0,
				errorGrandChild: 0,
				warningGrandChild: 0,
				skipGrandChild: 35,
				infoGrandChild: 0,
				exceptionsGrandChild: 43,
			};
		</script>
		
			<script src='https://cdn.rawgit.com/anshooarora/extentreports-java/fca20fb7653aade98810546ab96a2a4360e3e712/dist/js/extent.js' type='text/javascript'></script>
		
		
 		<script type='text/javascript'>
 			
      
        $(document).ready(function() {
        
        });
      
		
 		</script>
	</body>
	
</html>
