<?xml version="1.0" encoding="UTF-8"?>
<!-- Generated by org.testng.reporters.JUnitReportReporter -->
<testsuite skipped="1" hostname="DESKTOP-CIM2M57" name="Demo_Framework.execution.TC_3_verify_WealthRegister_Report" tests="3" failures="0" timestamp="12 Dec 2018 06:20:01 GMT" time="0.289" errors="2">
  <testcase name="feature" time="0.000" classname="Demo_Framework.execution.TC_3_verify_WealthRegister_Report">
    <skipped/>
  </testcase> <!-- feature -->
  <testcase name="tearDownClass" time="0.000" classname="Demo_Framework.execution.TC_3_verify_WealthRegister_Report">
    <error type="java.lang.NullPointerException">
      <![CDATA[java.lang.NullPointerException
at Demo_Framework.execution.TC_3_verify_WealthRegister_Report.tearDownClass(TC_3_verify_WealthRegister_Report.java:48)
at sun.reflect.NativeMethodAccessorImpl.invoke0(Native Method)
at sun.reflect.NativeMethodAccessorImpl.invoke(Unknown Source)
at sun.reflect.DelegatingMethodAccessorImpl.invoke(Unknown Source)
at java.lang.reflect.Method.invoke(Unknown Source)
at org.testng.internal.MethodInvocationHelper.invokeMethod(MethodInvocationHelper.java:124)
at org.testng.internal.MethodInvocationHelper.invokeMethodConsideringTimeout(MethodInvocationHelper.java:59)
at org.testng.internal.Invoker.invokeConfigurationMethod(Invoker.java:455)
at org.testng.internal.Invoker.invokeConfigurations(Invoker.java:222)
at org.testng.internal.Invoker.invokeConfigurations(Invoker.java:142)
at org.testng.internal.TestMethodWorker.invokeAfterClassMethods(TestMethodWorker.java:214)
at org.testng.internal.TestMethodWorker.run(TestMethodWorker.java:111)
at org.testng.TestRunner.privateRun(TestRunner.java:648)
at org.testng.TestRunner.run(TestRunner.java:505)
at org.testng.SuiteRunner.runTest(SuiteRunner.java:455)
at org.testng.SuiteRunner.runSequentially(SuiteRunner.java:450)
at org.testng.SuiteRunner.privateRun(SuiteRunner.java:415)
at org.testng.SuiteRunner.run(SuiteRunner.java:364)
at org.testng.SuiteRunnerWorker.runSuite(SuiteRunnerWorker.java:52)
at org.testng.SuiteRunnerWorker.run(SuiteRunnerWorker.java:84)
at org.testng.TestNG.runSuitesSequentially(TestNG.java:1208)
at org.testng.TestNG.runSuitesLocally(TestNG.java:1137)
at org.testng.TestNG.runSuites(TestNG.java:1049)
at org.testng.TestNG.run(TestNG.java:1017)
at org.testng.remote.AbstractRemoteTestNG.run(AbstractRemoteTestNG.java:114)
at org.testng.remote.RemoteTestNG.initAndRun(RemoteTestNG.java:251)
at org.testng.remote.RemoteTestNG.main(RemoteTestNG.java:77)
]]>
    </error>
  </testcase> <!-- tearDownClass -->
  <testcase name="setUpClass" time="0.289" classname="Demo_Framework.execution.TC_3_verify_WealthRegister_Report">
    <error type="cucumber.runtime.DuplicateStepDefinitionException" message="Duplicate step definitions in com.assetvantage.StepDefination.wealthRegisterVerification_Assetvantage.verifyReportWithJSON() in file:/C:/Users/partha.das/git/BDDFrameworkForQA/demoBDDFramework/target/classes/ and com.assetvantage.StepDefination.balanceSheetVerification_Assetvantage.verifyReportWithJSON() in file:/C:/Users/partha.das/git/BDDFrameworkForQA/demoBDDFramework/target/classes/">
      <![CDATA[cucumber.runtime.DuplicateStepDefinitionException: Duplicate step definitions in com.assetvantage.StepDefination.wealthRegisterVerification_Assetvantage.verifyReportWithJSON() in file:/C:/Users/partha.das/git/BDDFrameworkForQA/demoBDDFramework/target/classes/ and com.assetvantage.StepDefination.balanceSheetVerification_Assetvantage.verifyReportWithJSON() in file:/C:/Users/partha.das/git/BDDFrameworkForQA/demoBDDFramework/target/classes/
at cucumber.runtime.RuntimeGlue.addStepDefinition(RuntimeGlue.java:33)
at cucumber.runtime.java.JavaBackend.addStepDefinition(JavaBackend.java:151)
at cucumber.runtime.java.MethodScanner.scan(MethodScanner.java:68)
at cucumber.runtime.java.MethodScanner.scan(MethodScanner.java:41)
at cucumber.runtime.java.JavaBackend.loadGlue(JavaBackend.java:86)
at cucumber.runtime.Runtime.<init>(Runtime.java:91)
at cucumber.runtime.Runtime.<init>(Runtime.java:69)
at cucumber.runtime.Runtime.<init>(Runtime.java:65)
at cucumber.api.testng.TestNGCucumberRunner.<init>(TestNGCucumberRunner.java:42)
at Demo_Framework.execution.TC_3_verify_WealthRegister_Report.setUpClass(TC_3_verify_WealthRegister_Report.java:33)
at sun.reflect.NativeMethodAccessorImpl.invoke0(Native Method)
at sun.reflect.NativeMethodAccessorImpl.invoke(Unknown Source)
at sun.reflect.DelegatingMethodAccessorImpl.invoke(Unknown Source)
at java.lang.reflect.Method.invoke(Unknown Source)
at org.testng.internal.MethodInvocationHelper.invokeMethod(MethodInvocationHelper.java:124)
at org.testng.internal.MethodInvocationHelper.invokeMethodConsideringTimeout(MethodInvocationHelper.java:59)
at org.testng.internal.Invoker.invokeConfigurationMethod(Invoker.java:455)
at org.testng.internal.Invoker.invokeConfigurations(Invoker.java:222)
at org.testng.internal.Invoker.invokeConfigurations(Invoker.java:142)
at org.testng.internal.TestMethodWorker.invokeBeforeClassMethods(TestMethodWorker.java:168)
at org.testng.internal.TestMethodWorker.run(TestMethodWorker.java:105)
at org.testng.TestRunner.privateRun(TestRunner.java:648)
at org.testng.TestRunner.run(TestRunner.java:505)
at org.testng.SuiteRunner.runTest(SuiteRunner.java:455)
at org.testng.SuiteRunner.runSequentially(SuiteRunner.java:450)
at org.testng.SuiteRunner.privateRun(SuiteRunner.java:415)
at org.testng.SuiteRunner.run(SuiteRunner.java:364)
at org.testng.SuiteRunnerWorker.runSuite(SuiteRunnerWorker.java:52)
at org.testng.SuiteRunnerWorker.run(SuiteRunnerWorker.java:84)
at org.testng.TestNG.runSuitesSequentially(TestNG.java:1208)
at org.testng.TestNG.runSuitesLocally(TestNG.java:1137)
at org.testng.TestNG.runSuites(TestNG.java:1049)
at org.testng.TestNG.run(TestNG.java:1017)
at org.testng.remote.AbstractRemoteTestNG.run(AbstractRemoteTestNG.java:114)
at org.testng.remote.RemoteTestNG.initAndRun(RemoteTestNG.java:251)
at org.testng.remote.RemoteTestNG.main(RemoteTestNG.java:77)
]]>
    </error>
  </testcase> <!-- setUpClass -->
</testsuite> <!-- Demo_Framework.execution.TC_3_verify_WealthRegister_Report -->
